                      :-) GROMACS - gmx mdrun, 2020.4 (-:

                            GROMACS is written by:
     Emile Apol      Rossen Apostolov      Paul Bauer     Herman J.C. Berendsen
    Par Bjelkmar      Christian Blau   Viacheslav Bolnykh     Kevin Boyd    
 Aldert van Buuren   Rudi van Drunen     Anton Feenstra       Alan Gray     
  Gerrit Groenhof     Anca Hamuraru    Vincent Hindriksen  M. Eric Irrgang  
  Aleksei Iupinov   Christoph Junghans     Joe Jordan     Dimitrios Karkoulis
    Peter Kasson        Jiri Kraus      Carsten Kutzner      Per Larsson    
  Justin A. Lemkul    Viveca Lindahl    Magnus Lundborg     Erik Marklund   
    Pascal Merz     Pieter Meulenhoff    Teemu Murtola       Szilard Pall   
    Sander Pronk      Roland Schulz      Michael Shirts    Alexey Shvetsov  
   Alfons Sijbers     Peter Tieleman      Jon Vincent      Teemu Virolainen 
 Christian Wennberg    Maarten Wolf      Artem Zhmurov   
                           and the project leaders:
        Mark Abraham, Berk Hess, Erik Lindahl, and David van der Spoel

Copyright (c) 1991-2000, University of Groningen, The Netherlands.
Copyright (c) 2001-2019, The GROMACS development team at
Uppsala University, Stockholm University and
the Royal Institute of Technology, Sweden.
check out http://www.gromacs.org for more information.

GROMACS is free software; you can redistribute it and/or modify it
under the terms of the GNU Lesser General Public License
as published by the Free Software Foundation; either version 2.1
of the License, or (at your option) any later version.

GROMACS:      gmx mdrun, version 2020.4
Executable:   /share/apps/gromacs/2020.4/openmpi/intel/bin/gmx_mpi
Data prefix:  /share/apps/gromacs/2020.4/openmpi/intel
Working dir:  /home/lz2826/comp-lab-class/Week4/Setup/water-ion-charmm36m/gromacs
Process ID:   1166172
Command line:
  gmx_mpi mdrun -v -deffnm step4.1_equilibration

GROMACS version:    2020.4
Verified release checksum is 79c2857291b034542c26e90512b92fd4b184a1c9d6fa59c55f2e24ccf14e7281
Precision:          single
Memory model:       64 bit
MPI library:        MPI
OpenMP support:     disabled
GPU support:        disabled
SIMD instructions:  AVX_512
FFT library:        Intel MKL
RDTSCP usage:       enabled
TNG support:        enabled
Hwloc support:      disabled
Tracing support:    disabled
C compiler:         /share/apps/openmpi/4.0.5/intel/bin/mpicc Intel 19.1.2.20200623
C compiler flags:   -xCORE-AVX512 -qopt-zmm-usage=high -mkl=sequential -wd3180 -std=gnu99 -ip -funroll-all-loops -alias-const -ansi-alias -no-prec-div -fimf-domain-exclusion=14 -qoverride-limits -O3 -DNDEBUG
C++ compiler:       /share/apps/openmpi/4.0.5/intel/bin/mpicxx Intel 19.1.2.20200623
C++ compiler flags: -xCORE-AVX512 -qopt-zmm-usage=high -mkl=sequential -wd3180 -ip -funroll-all-loops -alias-const -ansi-alias -no-prec-div -fimf-domain-exclusion=14 -qoverride-limits -O3 -DNDEBUG


Running on 1 node with total 48 cores, 48 logical cores
Hardware detected on host cs168.hpc.nyu.edu (the node of MPI rank 0):
  CPU info:
    Vendor: Intel
    Brand:  Intel(R) Xeon(R) Platinum 8268 CPU @ 2.90GHz
    Family: 6   Model: 85   Stepping: 7
    Features: aes apic avx avx2 avx512f avx512cd avx512bw avx512vl clfsh cmov cx8 cx16 f16c fma htt intel lahf mmx msr nonstop_tsc pcid pclmuldq pdcm pdpe1gb popcnt pse rdrnd rdtscp sse2 sse3 sse4.1 sse4.2 ssse3 tdt x2apic
    Number of AVX-512 FMA units: 2
  Hardware topology: Basic
    Sockets, cores, and logical processors:
      Socket  0: [   0] [   1] [   2] [   3] [   4] [   5] [   6] [   7] [   8] [   9] [  10] [  11] [  12] [  13] [  14] [  15] [  16] [  17] [  18] [  19] [  20] [  21] [  22] [  23]
      Socket  1: [  24] [  25] [  26] [  27] [  28] [  29] [  30] [  31] [  32] [  33] [  34] [  35] [  36] [  37] [  38] [  39] [  40] [  41] [  42] [  43] [  44] [  45] [  46] [  47]


++++ PLEASE READ AND CITE THE FOLLOWING REFERENCE ++++
M. J. Abraham, T. Murtola, R. Schulz, S. Páll, J. C. Smith, B. Hess, E.
Lindahl
GROMACS: High performance molecular simulations through multi-level
parallelism from laptops to supercomputers
SoftwareX 1 (2015) pp. 19-25
-------- -------- --- Thank You --- -------- --------


++++ PLEASE READ AND CITE THE FOLLOWING REFERENCE ++++
S. Páll, M. J. Abraham, C. Kutzner, B. Hess, E. Lindahl
Tackling Exascale Software Challenges in Molecular Dynamics Simulations with
GROMACS
In S. Markidis & E. Laure (Eds.), Solving Software Challenges for Exascale 8759 (2015) pp. 3-27
-------- -------- --- Thank You --- -------- --------


++++ PLEASE READ AND CITE THE FOLLOWING REFERENCE ++++
S. Pronk, S. Páll, R. Schulz, P. Larsson, P. Bjelkmar, R. Apostolov, M. R.
Shirts, J. C. Smith, P. M. Kasson, D. van der Spoel, B. Hess, and E. Lindahl
GROMACS 4.5: a high-throughput and highly parallel open source molecular
simulation toolkit
Bioinformatics 29 (2013) pp. 845-54
-------- -------- --- Thank You --- -------- --------


++++ PLEASE READ AND CITE THE FOLLOWING REFERENCE ++++
B. Hess and C. Kutzner and D. van der Spoel and E. Lindahl
GROMACS 4: Algorithms for highly efficient, load-balanced, and scalable
molecular simulation
J. Chem. Theory Comput. 4 (2008) pp. 435-447
-------- -------- --- Thank You --- -------- --------


++++ PLEASE READ AND CITE THE FOLLOWING REFERENCE ++++
D. van der Spoel, E. Lindahl, B. Hess, G. Groenhof, A. E. Mark and H. J. C.
Berendsen
GROMACS: Fast, Flexible and Free
J. Comp. Chem. 26 (2005) pp. 1701-1719
-------- -------- --- Thank You --- -------- --------


++++ PLEASE READ AND CITE THE FOLLOWING REFERENCE ++++
E. Lindahl and B. Hess and D. van der Spoel
GROMACS 3.0: A package for molecular simulation and trajectory analysis
J. Mol. Mod. 7 (2001) pp. 306-317
-------- -------- --- Thank You --- -------- --------


++++ PLEASE READ AND CITE THE FOLLOWING REFERENCE ++++
H. J. C. Berendsen, D. van der Spoel and R. van Drunen
GROMACS: A message-passing parallel molecular dynamics implementation
Comp. Phys. Comm. 91 (1995) pp. 43-56
-------- -------- --- Thank You --- -------- --------


++++ PLEASE CITE THE DOI FOR THIS VERSION OF GROMACS ++++
https://doi.org/10.5281/zenodo.4054979
-------- -------- --- Thank You --- -------- --------

Input Parameters:
   integrator                     = md
   tinit                          = 0
   dt                             = 0.001
   nsteps                         = 125000
   init-step                      = 0
   simulation-part                = 1
   comm-mode                      = Linear
   nstcomm                        = 100
   bd-fric                        = 0
   ld-seed                        = -53455749
   emtol                          = 10
   emstep                         = 0.01
   niter                          = 20
   fcstep                         = 0
   nstcgsteep                     = 1000
   nbfgscorr                      = 10
   rtpi                           = 0.05
   nstxout                        = 0
   nstvout                        = 5000
   nstfout                        = 5000
   nstlog                         = 1000
   nstcalcenergy                  = 100
   nstenergy                      = 1000
   nstxout-compressed             = 5000
   compressed-x-precision         = 1000
   cutoff-scheme                  = Verlet
   nstlist                        = 20
   pbc                            = xyz
   periodic-molecules             = false
   verlet-buffer-tolerance        = 0.005
   rlist                          = 1.2
   coulombtype                    = PME
   coulomb-modifier               = Potential-shift
   rcoulomb-switch                = 0
   rcoulomb                       = 1.2
   epsilon-r                      = 1
   epsilon-rf                     = inf
   vdw-type                       = Cut-off
   vdw-modifier                   = Force-switch
   rvdw-switch                    = 1
   rvdw                           = 1.2
   DispCorr                       = No
   table-extension                = 1
   fourierspacing                 = 0.12
   fourier-nx                     = 42
   fourier-ny                     = 42
   fourier-nz                     = 42
   pme-order                      = 4
   ewald-rtol                     = 1e-05
   ewald-rtol-lj                  = 0.001
   lj-pme-comb-rule               = Geometric
   ewald-geometry                 = 0
   epsilon-surface                = 0
   tcoupl                         = Nose-Hoover
   nsttcouple                     = 20
   nh-chain-length                = 1
   print-nose-hoover-chain-variables = false
   pcoupl                         = No
   pcoupltype                     = Isotropic
   nstpcouple                     = -1
   tau-p                          = 1
   compressibility (3x3):
      compressibility[    0]={ 0.00000e+00,  0.00000e+00,  0.00000e+00}
      compressibility[    1]={ 0.00000e+00,  0.00000e+00,  0.00000e+00}
      compressibility[    2]={ 0.00000e+00,  0.00000e+00,  0.00000e+00}
   ref-p (3x3):
      ref-p[    0]={ 0.00000e+00,  0.00000e+00,  0.00000e+00}
      ref-p[    1]={ 0.00000e+00,  0.00000e+00,  0.00000e+00}
      ref-p[    2]={ 0.00000e+00,  0.00000e+00,  0.00000e+00}
   refcoord-scaling               = No
   posres-com (3):
      posres-com[0]= 0.00000e+00
      posres-com[1]= 0.00000e+00
      posres-com[2]= 0.00000e+00
   posres-comB (3):
      posres-comB[0]= 0.00000e+00
      posres-comB[1]= 0.00000e+00
      posres-comB[2]= 0.00000e+00
   QMMM                           = false
   QMconstraints                  = 0
   QMMMscheme                     = 0
   MMChargeScaleFactor            = 1
qm-opts:
   ngQM                           = 0
   constraint-algorithm           = Lincs
   continuation                   = false
   Shake-SOR                      = false
   shake-tol                      = 0.0001
   lincs-order                    = 4
   lincs-iter                     = 1
   lincs-warnangle                = 30
   nwall                          = 0
   wall-type                      = 9-3
   wall-r-linpot                  = -1
   wall-atomtype[0]               = -1
   wall-atomtype[1]               = -1
   wall-density[0]                = 0
   wall-density[1]                = 0
   wall-ewald-zfac                = 3
   pull                           = false
   awh                            = false
   rotation                       = false
   interactiveMD                  = false
   disre                          = No
   disre-weighting                = Conservative
   disre-mixed                    = false
   dr-fc                          = 1000
   dr-tau                         = 0
   nstdisreout                    = 100
   orire-fc                       = 0
   orire-tau                      = 0
   nstorireout                    = 100
   free-energy                    = no
   cos-acceleration               = 0
   deform (3x3):
      deform[    0]={ 0.00000e+00,  0.00000e+00,  0.00000e+00}
      deform[    1]={ 0.00000e+00,  0.00000e+00,  0.00000e+00}
      deform[    2]={ 0.00000e+00,  0.00000e+00,  0.00000e+00}
   simulated-tempering            = false
   swapcoords                     = no
   userint1                       = 0
   userint2                       = 0
   userint3                       = 0
   userint4                       = 0
   userreal1                      = 0
   userreal2                      = 0
   userreal3                      = 0
   userreal4                      = 0
   applied-forces:
     electric-field:
       x:
         E0                       = 0
         omega                    = 0
         t0                       = 0
         sigma                    = 0
       y:
         E0                       = 0
         omega                    = 0
         t0                       = 0
         sigma                    = 0
       z:
         E0                       = 0
         omega                    = 0
         t0                       = 0
         sigma                    = 0
     density-guided-simulation:
       active                     = false
       group                      = protein
       similarity-measure         = inner-product
       atom-spreading-weight      = unity
       force-constant             = 1e+09
       gaussian-transform-spreading-width = 0.2
       gaussian-transform-spreading-range-in-multiples-of-width = 4
       reference-density-filename = reference.mrc
       nst                        = 1
       normalize-densities        = true
       adaptive-force-scaling     = false
       adaptive-force-scaling-time-constant = 4
grpopts:
   nrdf:       23295
   ref-t:         300
   tau-t:           1
annealing:          No
annealing-npoints:           0
   acc:	           0           0           0
   nfreeze:           N           N           N
   energygrp-flags[  0]: 0

Changing nstlist from 20 to 100, rlist from 1.2 to 1.297


Initializing Domain Decomposition on 48 ranks
Dynamic load balancing: auto
Using update groups, nr 3890, average size 3.0 atoms, max. radius 0.078 nm
Minimum cell size due to atom displacement: 0.296 nm
Scaling the initial minimum size with 1/0.8 (option -dds) = 1.25
Guess for relative PME load: 0.20
Will use 36 particle-particle and 12 PME only ranks
This is a guess, check the performance at the end of the log file
Using 12 separate PME ranks, as guessed by mdrun
Optimizing the DD grid for 36 cells with a minimum initial size of 0.370 nm
The maximum allowed number of cells is: X 13 Y 13 Z 13
Domain decomposition grid 6 x 6 x 1, separate PME ranks 12
PME domain decomposition: 6 x 2 x 1
Interleaving PP and PME ranks
This rank does only particle-particle work.
Domain decomposition rank 0, coordinates 0 0 0

The initial number of communication pulses is: X 2 Y 2
The initial domain decomposition cell size is: X 0.83 nm Y 0.83 nm

When dynamic load balancing gets turned on, these settings will change to:
The maximum number of communication pulses is: X 3 Y 3
The minimum size for domain decomposition cells is 0.484 nm
The requested allowed shrink of DD cells (option -dds) is: 0.80
The allowed shrink of domain decomposition cells is: X 0.58 Y 0.58

Using 48 MPI processes

Non-default thread affinity set, disabling internal thread affinity
System total charge: 0.000
Will do PME sum in reciprocal space for electrostatic interactions.

++++ PLEASE READ AND CITE THE FOLLOWING REFERENCE ++++
U. Essmann, L. Perera, M. L. Berkowitz, T. Darden, H. Lee and L. G. Pedersen 
A smooth particle mesh Ewald method
J. Chem. Phys. 103 (1995) pp. 8577-8592
-------- -------- --- Thank You --- -------- --------

Using a Gaussian width (1/beta) of 0.384195 nm for Ewald
Potential shift: LJ r^-12: -2.648e-01 r^-6: -5.349e-01, Ewald -8.333e-06
Initialized non-bonded Ewald tables, spacing: 1.02e-03 size: 1176


Using SIMD 4x8 nonbonded short-range kernels

Using a dual 4x8 pair-list setup updated with dynamic pruning:
  outer list: updated every 100 steps, buffer 0.097 nm, rlist 1.297 nm
  inner list: updated every  23 steps, buffer 0.001 nm, rlist 1.201 nm
At tolerance 0.005 kJ/mol/ps per atom, equivalent classical 1x1 list would be:
  outer list: updated every 100 steps, buffer 0.227 nm, rlist 1.427 nm
  inner list: updated every  23 steps, buffer 0.046 nm, rlist 1.246 nm

Removing pbc first time

++++ PLEASE READ AND CITE THE FOLLOWING REFERENCE ++++
S. Miyamoto and P. A. Kollman
SETTLE: An Analytical Version of the SHAKE and RATTLE Algorithms for Rigid
Water Models
J. Comp. Chem. 13 (1992) pp. 952-962
-------- -------- --- Thank You --- -------- --------


Linking all bonded interactions to atoms


Intra-simulation communication will occur every 20 steps.
There are: 11642 Atoms
Atom distribution over 36 domains: av 323 stddev 26 min 286 max 384

Constraining the starting coordinates (step 0)

Constraining the coordinates at t0-dt (step 0)
Center of mass motion removal mode is Linear
We have the following groups for center of mass motion removal:
  0:  SOLV
RMS relative constraint deviation after constraining: 0.00e+00
Initial temperature: 301.259 K

Started mdrun on rank 0 Tue Sep 27 16:19:30 2022

           Step           Time
              0        0.00000

   Energies (kJ/mol)
        LJ (SR)   Coulomb (SR)   Coul. recip.      Potential    Kinetic En.
    2.67787e+04   -2.14258e+05    6.45446e+02   -1.86834e+05    2.91800e+04
   Total Energy  Conserved En.    Temperature Pressure (bar)
   -1.57654e+05   -1.57654e+05    3.01314e+02   -1.11127e+03


DD  step 99 load imb.: force 13.0%  pme mesh/force 0.917

step 200 Turning on dynamic load balancing, because the performance loss due to load imbalance is 2.1 %.

DD  step 999  vol min/aver 0.898  load imb.: force  6.0%  pme mesh/force 0.864
           Step           Time
           1000        1.00000

   Energies (kJ/mol)
        LJ (SR)   Coulomb (SR)   Coul. recip.      Potential    Kinetic En.
    1.70566e+04   -1.85420e+05    4.59272e+02   -1.67905e+05    2.27313e+04
   Total Energy  Conserved En.    Temperature Pressure (bar)
   -1.45173e+05   -1.56020e+05    2.34724e+02   -2.48019e+03


DD  step 1999  vol min/aver 0.901  load imb.: force  4.9%  pme mesh/force 0.877
           Step           Time
           2000        2.00000

   Energies (kJ/mol)
        LJ (SR)   Coulomb (SR)   Coul. recip.      Potential    Kinetic En.
    1.65297e+04   -1.80649e+05    5.22526e+02   -1.63597e+05    2.67603e+04
   Total Energy  Conserved En.    Temperature Pressure (bar)
   -1.36837e+05   -1.55598e+05    2.76327e+02   -1.93332e+03


DD  step 2999  vol min/aver 0.908  load imb.: force  5.8%  pme mesh/force 0.846
           Step           Time
           3000        3.00000

   Energies (kJ/mol)
        LJ (SR)   Coulomb (SR)   Coul. recip.      Potential    Kinetic En.
    1.67910e+04   -1.77677e+05    5.26951e+02   -1.60359e+05    2.91607e+04
   Total Energy  Conserved En.    Temperature Pressure (bar)
   -1.31198e+05   -1.55344e+05    3.01114e+02   -1.13646e+03


DD  step 3999  vol min/aver 0.845  load imb.: force  4.7%  pme mesh/force 0.878
           Step           Time
           4000        4.00000

   Energies (kJ/mol)
        LJ (SR)   Coulomb (SR)   Coul. recip.      Potential    Kinetic En.
    1.66943e+04   -1.77305e+05    5.82075e+02   -1.60028e+05    2.98611e+04
   Total Energy  Conserved En.    Temperature Pressure (bar)
   -1.30167e+05   -1.55138e+05    3.08346e+02   -1.09599e+03


DD  step 4999  vol min/aver 0.882  load imb.: force  5.6%  pme mesh/force 0.841
           Step           Time
           5000        5.00000

   Energies (kJ/mol)
        LJ (SR)   Coulomb (SR)   Coul. recip.      Potential    Kinetic En.
    1.73912e+04   -1.79011e+05    5.89630e+02   -1.61030e+05    3.00400e+04
   Total Energy  Conserved En.    Temperature Pressure (bar)
   -1.30990e+05   -1.55010e+05    3.10194e+02   -9.04095e+02


DD  step 5999  vol min/aver 0.865  load imb.: force  7.3%  pme mesh/force 0.857
           Step           Time
           6000        6.00000

   Energies (kJ/mol)
        LJ (SR)   Coulomb (SR)   Coul. recip.      Potential    Kinetic En.
    1.68298e+04   -1.78288e+05    5.87743e+02   -1.60870e+05    2.93172e+04
   Total Energy  Conserved En.    Temperature Pressure (bar)
   -1.31553e+05   -1.54984e+05    3.02730e+02   -1.18048e+03


DD  step 6999  vol min/aver 0.869  load imb.: force  5.4%  pme mesh/force 0.859
           Step           Time
           7000        7.00000

   Energies (kJ/mol)
        LJ (SR)   Coulomb (SR)   Coul. recip.      Potential    Kinetic En.
    1.66612e+04   -1.77207e+05    5.40843e+02   -1.60005e+05    2.94746e+04
   Total Energy  Conserved En.    Temperature Pressure (bar)
   -1.30530e+05   -1.54930e+05    3.04355e+02   -1.16463e+03


DD  step 7999  vol min/aver 0.869  load imb.: force  5.5%  pme mesh/force 0.867
           Step           Time
           8000        8.00000

   Energies (kJ/mol)
        LJ (SR)   Coulomb (SR)   Coul. recip.      Potential    Kinetic En.
    1.70951e+04   -1.78777e+05    6.00449e+02   -1.61081e+05    2.93440e+04
   Total Energy  Conserved En.    Temperature Pressure (bar)
   -1.31737e+05   -1.54899e+05    3.03007e+02   -1.00157e+03


DD  step 8999  vol min/aver 0.896  load imb.: force  4.1%  pme mesh/force 0.850
           Step           Time
           9000        9.00000

   Energies (kJ/mol)
        LJ (SR)   Coulomb (SR)   Coul. recip.      Potential    Kinetic En.
    1.71968e+04   -1.79027e+05    6.04136e+02   -1.61226e+05    2.95761e+04
   Total Energy  Conserved En.    Temperature Pressure (bar)
   -1.31650e+05   -1.54919e+05    3.05404e+02   -1.05857e+03


DD  step 9999  vol min/aver 0.891  load imb.: force  7.1%  pme mesh/force 0.855
           Step           Time
          10000       10.00000

   Energies (kJ/mol)
        LJ (SR)   Coulomb (SR)   Coul. recip.      Potential    Kinetic En.
    1.65250e+04   -1.77731e+05    5.60627e+02   -1.60645e+05    2.90069e+04
   Total Energy  Conserved En.    Temperature Pressure (bar)
   -1.31638e+05   -1.54925e+05    2.99526e+02   -1.28431e+03


DD  step 10999  vol min/aver 0.910  load imb.: force  5.6%  pme mesh/force 0.871
           Step           Time
          11000       11.00000

   Energies (kJ/mol)
        LJ (SR)   Coulomb (SR)   Coul. recip.      Potential    Kinetic En.
    1.73513e+04   -1.79754e+05    5.90193e+02   -1.61812e+05    2.92021e+04
   Total Energy  Conserved En.    Temperature Pressure (bar)
   -1.32610e+05   -1.54952e+05    3.01541e+02   -1.07267e+03


DD  step 11999  vol min/aver 0.897  load imb.: force  4.8%  pme mesh/force 0.870
           Step           Time
          12000       12.00000

   Energies (kJ/mol)
        LJ (SR)   Coulomb (SR)   Coul. recip.      Potential    Kinetic En.
    1.69767e+04   -1.78872e+05    5.37464e+02   -1.61358e+05    2.87231e+04
   Total Energy  Conserved En.    Temperature Pressure (bar)
   -1.32635e+05   -1.54956e+05    2.96595e+02   -1.21360e+03


DD  step 12999  vol min/aver 0.857  load imb.: force  5.3%  pme mesh/force 0.871
           Step           Time
          13000       13.00000

   Energies (kJ/mol)
        LJ (SR)   Coulomb (SR)   Coul. recip.      Potential    Kinetic En.
    1.65260e+04   -1.78559e+05    5.67453e+02   -1.61465e+05    2.94347e+04
   Total Energy  Conserved En.    Temperature Pressure (bar)
   -1.32031e+05   -1.54889e+05    3.03943e+02   -1.40472e+03


DD  step 13999  vol min/aver 0.909  load imb.: force  5.9%  pme mesh/force 0.856
           Step           Time
          14000       14.00000

   Energies (kJ/mol)
        LJ (SR)   Coulomb (SR)   Coul. recip.      Potential    Kinetic En.
    1.73463e+04   -1.79323e+05    5.82633e+02   -1.61394e+05    2.88809e+04
   Total Energy  Conserved En.    Temperature Pressure (bar)
   -1.32513e+05   -1.54919e+05    2.98225e+02   -9.89602e+02


DD  step 14999  vol min/aver 0.900  load imb.: force  5.5%  pme mesh/force 0.860
           Step           Time
          15000       15.00000

   Energies (kJ/mol)
        LJ (SR)   Coulomb (SR)   Coul. recip.      Potential    Kinetic En.
    1.63976e+04   -1.78275e+05    5.39771e+02   -1.61338e+05    2.89346e+04
   Total Energy  Conserved En.    Temperature Pressure (bar)
   -1.32403e+05   -1.54934e+05    2.98780e+02   -1.45635e+03


DD  step 15999  vol min/aver 0.904  load imb.: force  7.1%  pme mesh/force 0.857
           Step           Time
          16000       16.00000

   Energies (kJ/mol)
        LJ (SR)   Coulomb (SR)   Coul. recip.      Potential    Kinetic En.
    1.74780e+04   -1.79708e+05    5.82794e+02   -1.61647e+05    2.94016e+04
   Total Energy  Conserved En.    Temperature Pressure (bar)
   -1.32246e+05   -1.54915e+05    3.03602e+02   -1.00529e+03


DD  step 16999  vol min/aver 0.855  load imb.: force  6.0%  pme mesh/force 0.865
           Step           Time
          17000       17.00000

   Energies (kJ/mol)
        LJ (SR)   Coulomb (SR)   Coul. recip.      Potential    Kinetic En.
    1.66959e+04   -1.78307e+05    5.63492e+02   -1.61047e+05    2.94360e+04
   Total Energy  Conserved En.    Temperature Pressure (bar)
   -1.31611e+05   -1.54922e+05    3.03957e+02   -1.26048e+03


DD  step 17999  vol min/aver 0.904  load imb.: force  6.8%  pme mesh/force 0.844
           Step           Time
          18000       18.00000

   Energies (kJ/mol)
        LJ (SR)   Coulomb (SR)   Coul. recip.      Potential    Kinetic En.
    1.68894e+04   -1.78326e+05    5.41953e+02   -1.60894e+05    2.91295e+04
   Total Energy  Conserved En.    Temperature Pressure (bar)
   -1.31765e+05   -1.54933e+05    3.00792e+02   -1.17172e+03


DD  step 18999  vol min/aver 0.914  load imb.: force  4.7%  pme mesh/force 0.865
           Step           Time
          19000       19.00000

   Energies (kJ/mol)
        LJ (SR)   Coulomb (SR)   Coul. recip.      Potential    Kinetic En.
    1.66096e+04   -1.78655e+05    5.54396e+02   -1.61491e+05    2.92414e+04
   Total Energy  Conserved En.    Temperature Pressure (bar)
   -1.32249e+05   -1.54954e+05    3.01947e+02   -1.37773e+03


DD  step 19999  vol min/aver 0.852  load imb.: force  5.5%  pme mesh/force 0.874
           Step           Time
          20000       20.00000

   Energies (kJ/mol)
        LJ (SR)   Coulomb (SR)   Coul. recip.      Potential    Kinetic En.
    1.71844e+04   -1.79025e+05    5.90570e+02   -1.61250e+05    2.89279e+04
   Total Energy  Conserved En.    Temperature Pressure (bar)
   -1.32322e+05   -1.54973e+05    2.98710e+02   -1.10890e+03


DD  step 20999  vol min/aver 0.895  load imb.: force  5.0%  pme mesh/force 0.864
           Step           Time
          21000       21.00000

   Energies (kJ/mol)
        LJ (SR)   Coulomb (SR)   Coul. recip.      Potential    Kinetic En.
    1.70220e+04   -1.78391e+05    5.47036e+02   -1.60822e+05    2.92161e+04
   Total Energy  Conserved En.    Temperature Pressure (bar)
   -1.31606e+05   -1.54941e+05    3.01686e+02   -1.09677e+03


DD  step 21999  vol min/aver 0.902  load imb.: force  4.9%  pme mesh/force 0.866
           Step           Time
          22000       22.00000

   Energies (kJ/mol)
        LJ (SR)   Coulomb (SR)   Coul. recip.      Potential    Kinetic En.
    1.65243e+04   -1.77677e+05    5.45123e+02   -1.60608e+05    2.91185e+04
   Total Energy  Conserved En.    Temperature Pressure (bar)
   -1.31489e+05   -1.54939e+05    3.00678e+02   -1.29684e+03


DD  step 22999  vol min/aver 0.904  load imb.: force  5.9%  pme mesh/force 0.854
           Step           Time
          23000       23.00000

   Energies (kJ/mol)
        LJ (SR)   Coulomb (SR)   Coul. recip.      Potential    Kinetic En.
    1.70195e+04   -1.79117e+05    5.58786e+02   -1.61538e+05    2.88764e+04
   Total Energy  Conserved En.    Temperature Pressure (bar)
   -1.32662e+05   -1.54903e+05    2.98179e+02   -1.25031e+03


DD  step 23999  vol min/aver 0.877  load imb.: force  6.3%  pme mesh/force 0.872
           Step           Time
          24000       24.00000

   Energies (kJ/mol)
        LJ (SR)   Coulomb (SR)   Coul. recip.      Potential    Kinetic En.
    1.81664e+04   -1.81055e+05    5.83632e+02   -1.62305e+05    2.90676e+04
   Total Energy  Conserved En.    Temperature Pressure (bar)
   -1.33238e+05   -1.54920e+05    3.00153e+02   -8.16913e+02


DD  step 24999  vol min/aver 0.902  load imb.: force  5.4%  pme mesh/force 0.864
           Step           Time
          25000       25.00000

   Energies (kJ/mol)
        LJ (SR)   Coulomb (SR)   Coul. recip.      Potential    Kinetic En.
    1.67983e+04   -1.78648e+05    5.67246e+02   -1.61282e+05    2.91510e+04
   Total Energy  Conserved En.    Temperature Pressure (bar)
   -1.32131e+05   -1.54924e+05    3.01014e+02   -1.29558e+03


DD  step 25999  vol min/aver 0.914  load imb.: force  5.3%  pme mesh/force 0.809
           Step           Time
          26000       26.00000

   Energies (kJ/mol)
        LJ (SR)   Coulomb (SR)   Coul. recip.      Potential    Kinetic En.
    1.78813e+04   -1.79435e+05    5.56630e+02   -1.60997e+05    2.90205e+04
   Total Energy  Conserved En.    Temperature Pressure (bar)
   -1.31976e+05   -1.54932e+05    2.99666e+02   -7.04217e+02


DD  step 26999  vol min/aver 0.890  load imb.: force  5.8%  pme mesh/force 0.848
           Step           Time
          27000       27.00000

   Energies (kJ/mol)
        LJ (SR)   Coulomb (SR)   Coul. recip.      Potential    Kinetic En.
    1.72787e+04   -1.79281e+05    5.84494e+02   -1.61418e+05    2.90939e+04
   Total Energy  Conserved En.    Temperature Pressure (bar)
   -1.32324e+05   -1.54955e+05    3.00424e+02   -1.04455e+03


DD  step 27999  vol min/aver 0.893  load imb.: force  6.1%  pme mesh/force 0.856
           Step           Time
          28000       28.00000

   Energies (kJ/mol)
        LJ (SR)   Coulomb (SR)   Coul. recip.      Potential    Kinetic En.
    1.70742e+04   -1.78960e+05    5.91518e+02   -1.61294e+05    2.93877e+04
   Total Energy  Conserved En.    Temperature Pressure (bar)
   -1.31906e+05   -1.54977e+05    3.03458e+02   -1.11454e+03


DD  step 28999  vol min/aver 0.901  load imb.: force  6.0%  pme mesh/force 0.844
           Step           Time
          29000       29.00000

   Energies (kJ/mol)
        LJ (SR)   Coulomb (SR)   Coul. recip.      Potential    Kinetic En.
    1.71897e+04   -1.79008e+05    5.96066e+02   -1.61222e+05    2.91091e+04
   Total Energy  Conserved En.    Temperature Pressure (bar)
   -1.32113e+05   -1.54922e+05    3.00581e+02   -1.10101e+03


DD  step 29999  vol min/aver 0.880  load imb.: force  6.4%  pme mesh/force 0.848
           Step           Time
          30000       30.00000

   Energies (kJ/mol)
        LJ (SR)   Coulomb (SR)   Coul. recip.      Potential    Kinetic En.
    1.65789e+04   -1.77721e+05    5.76815e+02   -1.60566e+05    2.89418e+04
   Total Energy  Conserved En.    Temperature Pressure (bar)
   -1.31624e+05   -1.54919e+05    2.98854e+02   -1.28358e+03


DD  step 30999  vol min/aver 0.882  load imb.: force  6.0%  pme mesh/force 0.850
           Step           Time
          31000       31.00000

   Energies (kJ/mol)
        LJ (SR)   Coulomb (SR)   Coul. recip.      Potential    Kinetic En.
    1.73579e+04   -1.79784e+05    5.82197e+02   -1.61844e+05    2.95754e+04
   Total Energy  Conserved En.    Temperature Pressure (bar)
   -1.32269e+05   -1.54928e+05    3.05396e+02   -1.06790e+03


DD  step 31999  vol min/aver 0.906  load imb.: force  4.9%  pme mesh/force 0.844
           Step           Time
          32000       32.00000

   Energies (kJ/mol)
        LJ (SR)   Coulomb (SR)   Coul. recip.      Potential    Kinetic En.
    1.66547e+04   -1.77870e+05    5.64468e+02   -1.60650e+05    2.94971e+04
   Total Energy  Conserved En.    Temperature Pressure (bar)
   -1.31153e+05   -1.54919e+05    3.04588e+02   -1.22021e+03


DD  step 32999  vol min/aver 0.902  load imb.: force  6.7%  pme mesh/force 0.854
           Step           Time
          33000       33.00000

   Energies (kJ/mol)
        LJ (SR)   Coulomb (SR)   Coul. recip.      Potential    Kinetic En.
    1.65431e+04   -1.77846e+05    5.97477e+02   -1.60705e+05    2.95085e+04
   Total Energy  Conserved En.    Temperature Pressure (bar)
   -1.31197e+05   -1.54888e+05    3.04706e+02   -1.29791e+03


DD  step 33999  vol min/aver 0.890  load imb.: force  6.0%  pme mesh/force 0.875

step 34000 Turning off dynamic load balancing, because it is degrading performance.
Atom distribution over 36 domains: av 323 stddev 22 min 282 max 357
           Step           Time
          34000       34.00000

   Energies (kJ/mol)
        LJ (SR)   Coulomb (SR)   Coul. recip.      Potential    Kinetic En.
    1.72124e+04   -1.78684e+05    5.63128e+02   -1.60908e+05    2.89374e+04
   Total Energy  Conserved En.    Temperature Pressure (bar)
   -1.31971e+05   -1.54840e+05    2.98808e+02   -1.03188e+03


DD  step 34999 load imb.: force  5.2%  pme mesh/force 0.846
           Step           Time
          35000       35.00000

   Energies (kJ/mol)
        LJ (SR)   Coulomb (SR)   Coul. recip.      Potential    Kinetic En.
    1.70813e+04   -1.79029e+05    5.89896e+02   -1.61358e+05    2.89435e+04
   Total Energy  Conserved En.    Temperature Pressure (bar)
   -1.32414e+05   -1.54856e+05    2.98871e+02   -1.17539e+03


DD  step 35999 load imb.: force  8.9%  pme mesh/force 0.796
           Step           Time
          36000       36.00000

   Energies (kJ/mol)
        LJ (SR)   Coulomb (SR)   Coul. recip.      Potential    Kinetic En.
    1.72452e+04   -1.79303e+05    5.66452e+02   -1.61492e+05    2.89397e+04
   Total Energy  Conserved En.    Temperature Pressure (bar)
   -1.32552e+05   -1.54919e+05    2.98832e+02   -1.03965e+03


DD  step 36999 load imb.: force  6.6%  pme mesh/force 0.819
           Step           Time
          37000       37.00000

   Energies (kJ/mol)
        LJ (SR)   Coulomb (SR)   Coul. recip.      Potential    Kinetic En.
    1.67740e+04   -1.78642e+05    5.75356e+02   -1.61293e+05    2.93526e+04
   Total Energy  Conserved En.    Temperature Pressure (bar)
   -1.31940e+05   -1.54920e+05    3.03096e+02   -1.21108e+03


DD  step 37999 load imb.: force  5.7%  pme mesh/force 0.830
           Step           Time
          38000       38.00000

   Energies (kJ/mol)
        LJ (SR)   Coulomb (SR)   Coul. recip.      Potential    Kinetic En.
    1.73073e+04   -1.78681e+05    5.75747e+02   -1.60798e+05    2.94878e+04
   Total Energy  Conserved En.    Temperature Pressure (bar)
   -1.31310e+05   -1.54908e+05    3.04492e+02   -9.08917e+02


DD  step 38999 load imb.: force  6.3%  pme mesh/force 0.820
           Step           Time
          39000       39.00000

   Energies (kJ/mol)
        LJ (SR)   Coulomb (SR)   Coul. recip.      Potential    Kinetic En.
    1.69109e+04   -1.78422e+05    5.61914e+02   -1.60949e+05    2.95726e+04
   Total Energy  Conserved En.    Temperature Pressure (bar)
   -1.31377e+05   -1.54883e+05    3.05367e+02   -1.09522e+03


DD  step 39999 load imb.: force  6.4%  pme mesh/force 0.798
           Step           Time
          40000       40.00000

   Energies (kJ/mol)
        LJ (SR)   Coulomb (SR)   Coul. recip.      Potential    Kinetic En.
    1.70288e+04   -1.78569e+05    6.04019e+02   -1.60936e+05    2.94885e+04
   Total Energy  Conserved En.    Temperature Pressure (bar)
   -1.31447e+05   -1.54918e+05    3.04499e+02   -1.04986e+03


DD  step 40999 load imb.: force  7.3%  pme mesh/force 0.825
           Step           Time
          41000       41.00000

   Energies (kJ/mol)
        LJ (SR)   Coulomb (SR)   Coul. recip.      Potential    Kinetic En.
    1.66917e+04   -1.78103e+05    5.68914e+02   -1.60842e+05    2.92325e+04
   Total Energy  Conserved En.    Temperature Pressure (bar)
   -1.31610e+05   -1.54904e+05    3.01856e+02   -1.23961e+03


DD  step 41999 load imb.: force  6.7%  pme mesh/force 0.822
           Step           Time
          42000       42.00000

   Energies (kJ/mol)
        LJ (SR)   Coulomb (SR)   Coul. recip.      Potential    Kinetic En.
    1.72087e+04   -1.78620e+05    5.35287e+02   -1.60876e+05    2.90419e+04
   Total Energy  Conserved En.    Temperature Pressure (bar)
   -1.31834e+05   -1.54906e+05    2.99888e+02   -9.84642e+02


DD  step 42999 load imb.: force  8.2%  pme mesh/force 0.882
           Step           Time
          43000       43.00000

   Energies (kJ/mol)
        LJ (SR)   Coulomb (SR)   Coul. recip.      Potential    Kinetic En.
    1.68407e+04   -1.78738e+05    5.33494e+02   -1.61364e+05    3.00763e+04
   Total Energy  Conserved En.    Temperature Pressure (bar)
   -1.31288e+05   -1.54891e+05    3.10568e+02   -1.23972e+03


DD  step 43999 load imb.: force  8.0%  pme mesh/force 0.830
           Step           Time
          44000       44.00000

   Energies (kJ/mol)
        LJ (SR)   Coulomb (SR)   Coul. recip.      Potential    Kinetic En.
    1.71140e+04   -1.79231e+05    5.52239e+02   -1.61565e+05    2.96005e+04
   Total Energy  Conserved En.    Temperature Pressure (bar)
   -1.31965e+05   -1.54864e+05    3.05655e+02   -1.19108e+03


DD  step 44999 load imb.: force  7.3%  pme mesh/force 0.842
           Step           Time
          45000       45.00000

   Energies (kJ/mol)
        LJ (SR)   Coulomb (SR)   Coul. recip.      Potential    Kinetic En.
    1.68451e+04   -1.78725e+05    5.86470e+02   -1.61294e+05    2.90473e+04
   Total Energy  Conserved En.    Temperature Pressure (bar)
   -1.32246e+05   -1.54879e+05    2.99943e+02   -1.23417e+03


DD  step 45999 load imb.: force  7.0%  pme mesh/force 0.821
           Step           Time
          46000       46.00000

   Energies (kJ/mol)
        LJ (SR)   Coulomb (SR)   Coul. recip.      Potential    Kinetic En.
    1.71766e+04   -1.78356e+05    5.69673e+02   -1.60610e+05    2.92100e+04
   Total Energy  Conserved En.    Temperature Pressure (bar)
   -1.31400e+05   -1.54856e+05    3.01623e+02   -9.39642e+02


DD  step 46999 load imb.: force  6.8%  pme mesh/force 0.837
           Step           Time
          47000       47.00000

   Energies (kJ/mol)
        LJ (SR)   Coulomb (SR)   Coul. recip.      Potential    Kinetic En.
    1.70169e+04   -1.78342e+05    5.73250e+02   -1.60752e+05    2.91132e+04
   Total Energy  Conserved En.    Temperature Pressure (bar)
   -1.31639e+05   -1.54872e+05    3.00624e+02   -1.07651e+03


DD  step 47999 load imb.: force  7.2%  pme mesh/force 0.817
           Step           Time
          48000       48.00000

   Energies (kJ/mol)
        LJ (SR)   Coulomb (SR)   Coul. recip.      Potential    Kinetic En.
    1.72285e+04   -1.78691e+05    5.81066e+02   -1.60881e+05    2.91392e+04
   Total Energy  Conserved En.    Temperature Pressure (bar)
   -1.31742e+05   -1.54840e+05    3.00893e+02   -9.77602e+02


DD  step 48999 load imb.: force  8.0%  pme mesh/force 0.823
           Step           Time
          49000       49.00000

   Energies (kJ/mol)
        LJ (SR)   Coulomb (SR)   Coul. recip.      Potential    Kinetic En.
    1.75886e+04   -1.79428e+05    5.87317e+02   -1.61252e+05    2.82586e+04
   Total Energy  Conserved En.    Temperature Pressure (bar)
   -1.32994e+05   -1.54877e+05    2.91799e+02   -8.93840e+02


DD  step 49999 load imb.: force  6.2%  pme mesh/force 0.829

step 50000 Turning on dynamic load balancing, because the performance loss due to load imbalance is 5.4 %.
           Step           Time
          50000       50.00000

   Energies (kJ/mol)
        LJ (SR)   Coulomb (SR)   Coul. recip.      Potential    Kinetic En.
    1.66484e+04   -1.79003e+05    5.57505e+02   -1.61797e+05    2.88311e+04
   Total Energy  Conserved En.    Temperature Pressure (bar)
   -1.32966e+05   -1.54874e+05    2.97710e+02   -1.47986e+03


DD  step 50999  vol min/aver 0.917  load imb.: force  5.4%  pme mesh/force 0.877
           Step           Time
          51000       51.00000

   Energies (kJ/mol)
        LJ (SR)   Coulomb (SR)   Coul. recip.      Potential    Kinetic En.
    1.69067e+04   -1.78969e+05    5.96874e+02   -1.61466e+05    2.89377e+04
   Total Energy  Conserved En.    Temperature Pressure (bar)
   -1.32528e+05   -1.54885e+05    2.98812e+02   -1.17238e+03


DD  step 51999  vol min/aver 0.895  load imb.: force  5.3%  pme mesh/force 0.863

step 52000 Turning off dynamic load balancing, because it is degrading performance.
Atom distribution over 36 domains: av 323 stddev 21 min 294 max 355
           Step           Time
          52000       52.00000

   Energies (kJ/mol)
        LJ (SR)   Coulomb (SR)   Coul. recip.      Potential    Kinetic En.
    1.73778e+04   -1.78960e+05    5.65582e+02   -1.61016e+05    2.92176e+04
   Total Energy  Conserved En.    Temperature Pressure (bar)
   -1.31799e+05   -1.54892e+05    3.01702e+02   -9.28640e+02


DD  step 52999 load imb.: force 10.1%  pme mesh/force 0.880
           Step           Time
          53000       53.00000

   Energies (kJ/mol)
        LJ (SR)   Coulomb (SR)   Coul. recip.      Potential    Kinetic En.
    1.68979e+04   -1.78730e+05    5.35099e+02   -1.61297e+05    2.93405e+04
   Total Energy  Conserved En.    Temperature Pressure (bar)
   -1.31957e+05   -1.54884e+05    3.02971e+02   -1.16668e+03


DD  step 53999 load imb.: force  6.2%  pme mesh/force 0.844
           Step           Time
          54000       54.00000

   Energies (kJ/mol)
        LJ (SR)   Coulomb (SR)   Coul. recip.      Potential    Kinetic En.
    1.74781e+04   -1.79343e+05    5.52567e+02   -1.61313e+05    2.94520e+04
   Total Energy  Conserved En.    Temperature Pressure (bar)
   -1.31861e+05   -1.54888e+05    3.04122e+02   -8.86630e+02


DD  step 54999 load imb.: force 12.0%  pme mesh/force 0.859
           Step           Time
          55000       55.00000

   Energies (kJ/mol)
        LJ (SR)   Coulomb (SR)   Coul. recip.      Potential    Kinetic En.
    1.65844e+04   -1.78333e+05    5.42400e+02   -1.61206e+05    2.96066e+04
   Total Energy  Conserved En.    Temperature Pressure (bar)
   -1.31600e+05   -1.54887e+05    3.05718e+02   -1.31883e+03


DD  step 55999 load imb.: force 13.3%  pme mesh/force 1.196
           Step           Time
          56000       56.00000

   Energies (kJ/mol)
        LJ (SR)   Coulomb (SR)   Coul. recip.      Potential    Kinetic En.
    1.70136e+04   -1.78198e+05    5.35581e+02   -1.60648e+05    2.90547e+04
   Total Energy  Conserved En.    Temperature Pressure (bar)
   -1.31594e+05   -1.54892e+05    3.00019e+02   -1.02777e+03


DD  step 56999 load imb.: force  8.5%  pme mesh/force 0.844
           Step           Time
          57000       57.00000

   Energies (kJ/mol)
        LJ (SR)   Coulomb (SR)   Coul. recip.      Potential    Kinetic En.
    1.67787e+04   -1.77950e+05    5.97816e+02   -1.60573e+05    2.89529e+04
   Total Energy  Conserved En.    Temperature Pressure (bar)
   -1.31621e+05   -1.54874e+05    2.98968e+02   -1.14517e+03


DD  step 57999 load imb.: force  8.9%  pme mesh/force 0.833
           Step           Time
          58000       58.00000

   Energies (kJ/mol)
        LJ (SR)   Coulomb (SR)   Coul. recip.      Potential    Kinetic En.
    1.76976e+04   -1.79509e+05    5.32626e+02   -1.61279e+05    2.91665e+04
   Total Energy  Conserved En.    Temperature Pressure (bar)
   -1.32112e+05   -1.54890e+05    3.01174e+02   -8.78872e+02


DD  step 58999 load imb.: force  8.6%  pme mesh/force 0.803
           Step           Time
          59000       59.00000

   Energies (kJ/mol)
        LJ (SR)   Coulomb (SR)   Coul. recip.      Potential    Kinetic En.
    1.67607e+04   -1.78740e+05    5.35531e+02   -1.61443e+05    2.88365e+04
   Total Energy  Conserved En.    Temperature Pressure (bar)
   -1.32607e+05   -1.54887e+05    2.97766e+02   -1.31394e+03


DD  step 59999 load imb.: force  7.7%  pme mesh/force 0.848

step 60000 Turning on dynamic load balancing, because the performance loss due to load imbalance is 5.7 %.
           Step           Time
          60000       60.00000

   Energies (kJ/mol)
        LJ (SR)   Coulomb (SR)   Coul. recip.      Potential    Kinetic En.
    1.65205e+04   -1.78086e+05    5.16372e+02   -1.61050e+05    2.89491e+04
   Total Energy  Conserved En.    Temperature Pressure (bar)
   -1.32100e+05   -1.54875e+05    2.98929e+02   -1.39794e+03


DD  step 60999  vol min/aver 0.928  load imb.: force  5.2%  pme mesh/force 0.855
           Step           Time
          61000       61.00000

   Energies (kJ/mol)
        LJ (SR)   Coulomb (SR)   Coul. recip.      Potential    Kinetic En.
    1.75618e+04   -1.78687e+05    5.63776e+02   -1.60562e+05    2.89502e+04
   Total Energy  Conserved En.    Temperature Pressure (bar)
   -1.31612e+05   -1.54884e+05    2.98940e+02   -7.94200e+02


DD  step 61999  vol min/aver 0.896  load imb.: force  4.6%  pme mesh/force 0.835
           Step           Time
          62000       62.00000

   Energies (kJ/mol)
        LJ (SR)   Coulomb (SR)   Coul. recip.      Potential    Kinetic En.
    1.72840e+04   -1.78529e+05    6.02959e+02   -1.60642e+05    2.94707e+04
   Total Energy  Conserved En.    Temperature Pressure (bar)
   -1.31171e+05   -1.54823e+05    3.04315e+02   -9.29085e+02


DD  step 62999  vol min/aver 0.884  load imb.: force  4.7%  pme mesh/force 0.856
           Step           Time
          63000       63.00000

   Energies (kJ/mol)
        LJ (SR)   Coulomb (SR)   Coul. recip.      Potential    Kinetic En.
    1.75554e+04   -1.78984e+05    5.82132e+02   -1.60847e+05    2.87440e+04
   Total Energy  Conserved En.    Temperature Pressure (bar)
   -1.32103e+05   -1.54782e+05    2.96812e+02   -8.46363e+02


DD  step 63999  vol min/aver 0.896  load imb.: force  6.7%  pme mesh/force 0.853
           Step           Time
          64000       64.00000

   Energies (kJ/mol)
        LJ (SR)   Coulomb (SR)   Coul. recip.      Potential    Kinetic En.
    1.72269e+04   -1.79332e+05    5.47268e+02   -1.61557e+05    2.90405e+04
   Total Energy  Conserved En.    Temperature Pressure (bar)
   -1.32517e+05   -1.54802e+05    2.99873e+02   -1.11801e+03


DD  step 64999  vol min/aver 0.864  load imb.: force  8.4%  pme mesh/force 0.832
           Step           Time
          65000       65.00000

   Energies (kJ/mol)
        LJ (SR)   Coulomb (SR)   Coul. recip.      Potential    Kinetic En.
    1.70394e+04   -1.78303e+05    5.84968e+02   -1.60678e+05    2.96353e+04
   Total Energy  Conserved En.    Temperature Pressure (bar)
   -1.31043e+05   -1.54833e+05    3.06015e+02   -1.09758e+03


DD  step 65999  vol min/aver 0.870  load imb.: force  4.6%  pme mesh/force 0.844

step 66000 Turning off dynamic load balancing, because it is degrading performance.
Atom distribution over 36 domains: av 323 stddev 21 min 296 max 357
           Step           Time
          66000       66.00000

   Energies (kJ/mol)
        LJ (SR)   Coulomb (SR)   Coul. recip.      Potential    Kinetic En.
    1.73036e+04   -1.78827e+05    6.11345e+02   -1.60912e+05    2.94964e+04
   Total Energy  Conserved En.    Temperature Pressure (bar)
   -1.31416e+05   -1.54820e+05    3.04581e+02   -9.60541e+02


DD  step 66999 load imb.: force  6.9%  pme mesh/force 0.830
           Step           Time
          67000       67.00000

   Energies (kJ/mol)
        LJ (SR)   Coulomb (SR)   Coul. recip.      Potential    Kinetic En.
    1.66587e+04   -1.78507e+05    5.83470e+02   -1.61265e+05    2.90370e+04
   Total Energy  Conserved En.    Temperature Pressure (bar)
   -1.32228e+05   -1.54816e+05    2.99836e+02   -1.34305e+03


DD  step 67999 load imb.: force  9.2%  pme mesh/force 0.837
           Step           Time
          68000       68.00000

   Energies (kJ/mol)
        LJ (SR)   Coulomb (SR)   Coul. recip.      Potential    Kinetic En.
    1.72743e+04   -1.79052e+05    5.91832e+02   -1.61185e+05    2.89204e+04
   Total Energy  Conserved En.    Temperature Pressure (bar)
   -1.32265e+05   -1.54852e+05    2.98632e+02   -9.73589e+02


DD  step 68999 load imb.: force  6.4%  pme mesh/force 0.844
           Step           Time
          69000       69.00000

   Energies (kJ/mol)
        LJ (SR)   Coulomb (SR)   Coul. recip.      Potential    Kinetic En.
    1.73603e+04   -1.79001e+05    5.64914e+02   -1.61076e+05    2.91059e+04
   Total Energy  Conserved En.    Temperature Pressure (bar)
   -1.31970e+05   -1.54843e+05    3.00549e+02   -1.02130e+03


DD  step 69999 load imb.: force  7.1%  pme mesh/force 0.852

step 70000 Will no longer try dynamic load balancing, as it degraded performance.
           Step           Time
          70000       70.00000

   Energies (kJ/mol)
        LJ (SR)   Coulomb (SR)   Coul. recip.      Potential    Kinetic En.
    1.73389e+04   -1.79396e+05    5.81007e+02   -1.61476e+05    2.90023e+04
   Total Energy  Conserved En.    Temperature Pressure (bar)
   -1.32473e+05   -1.54882e+05    2.99478e+02   -9.99106e+02


DD  step 70999 load imb.: force  7.4%  pme mesh/force 0.841
           Step           Time
          71000       71.00000

   Energies (kJ/mol)
        LJ (SR)   Coulomb (SR)   Coul. recip.      Potential    Kinetic En.
    1.68970e+04   -1.78130e+05    5.38925e+02   -1.60694e+05    2.92370e+04
   Total Energy  Conserved En.    Temperature Pressure (bar)
   -1.31457e+05   -1.54843e+05    3.01902e+02   -1.10288e+03


DD  step 71999 load imb.: force 10.8%  pme mesh/force 0.830
           Step           Time
          72000       72.00000

   Energies (kJ/mol)
        LJ (SR)   Coulomb (SR)   Coul. recip.      Potential    Kinetic En.
    1.70661e+04   -1.78122e+05    5.51693e+02   -1.60504e+05    2.90600e+04
   Total Energy  Conserved En.    Temperature Pressure (bar)
   -1.31444e+05   -1.54764e+05    3.00075e+02   -1.00840e+03


DD  step 72999 load imb.: force  8.3%  pme mesh/force 0.832
           Step           Time
          73000       73.00000

   Energies (kJ/mol)
        LJ (SR)   Coulomb (SR)   Coul. recip.      Potential    Kinetic En.
    1.73882e+04   -1.79291e+05    5.81315e+02   -1.61321e+05    2.89014e+04
   Total Energy  Conserved En.    Temperature Pressure (bar)
   -1.32420e+05   -1.54826e+05    2.98437e+02   -1.00196e+03


DD  step 73999 load imb.: force  6.9%  pme mesh/force 0.861
           Step           Time
          74000       74.00000

   Energies (kJ/mol)
        LJ (SR)   Coulomb (SR)   Coul. recip.      Potential    Kinetic En.
    1.76679e+04   -1.80062e+05    5.54012e+02   -1.61840e+05    2.88195e+04
   Total Energy  Conserved En.    Temperature Pressure (bar)
   -1.33021e+05   -1.54817e+05    2.97591e+02   -1.00652e+03


DD  step 74999 load imb.: force  6.9%  pme mesh/force 0.832
           Step           Time
          75000       75.00000

   Energies (kJ/mol)
        LJ (SR)   Coulomb (SR)   Coul. recip.      Potential    Kinetic En.
    1.65842e+04   -1.77468e+05    5.89583e+02   -1.60294e+05    2.91139e+04
   Total Energy  Conserved En.    Temperature Pressure (bar)
   -1.31180e+05   -1.54862e+05    3.00631e+02   -1.23152e+03


DD  step 75999 load imb.: force 13.8%  pme mesh/force 0.817
           Step           Time
          76000       76.00000

   Energies (kJ/mol)
        LJ (SR)   Coulomb (SR)   Coul. recip.      Potential    Kinetic En.
    1.62115e+04   -1.77487e+05    5.69654e+02   -1.60706e+05    2.91601e+04
   Total Energy  Conserved En.    Temperature Pressure (bar)
   -1.31545e+05   -1.54854e+05    3.01108e+02   -1.44698e+03


DD  step 76999 load imb.: force  6.2%  pme mesh/force 0.817
           Step           Time
          77000       77.00000

   Energies (kJ/mol)
        LJ (SR)   Coulomb (SR)   Coul. recip.      Potential    Kinetic En.
    1.70951e+04   -1.78802e+05    5.50724e+02   -1.61156e+05    2.94650e+04
   Total Energy  Conserved En.    Temperature Pressure (bar)
   -1.31691e+05   -1.54830e+05    3.04256e+02   -1.10769e+03


DD  step 77999 load imb.: force  6.5%  pme mesh/force 0.809
           Step           Time
          78000       78.00000

   Energies (kJ/mol)
        LJ (SR)   Coulomb (SR)   Coul. recip.      Potential    Kinetic En.
    1.70538e+04   -1.79003e+05    5.56778e+02   -1.61393e+05    2.95146e+04
   Total Energy  Conserved En.    Temperature Pressure (bar)
   -1.31878e+05   -1.54819e+05    3.04768e+02   -1.13071e+03


DD  step 78999 load imb.: force  5.8%  pme mesh/force 0.825
           Step           Time
          79000       79.00000

   Energies (kJ/mol)
        LJ (SR)   Coulomb (SR)   Coul. recip.      Potential    Kinetic En.
    1.72511e+04   -1.79289e+05    5.64250e+02   -1.61474e+05    2.92799e+04
   Total Energy  Conserved En.    Temperature Pressure (bar)
   -1.32194e+05   -1.54838e+05    3.02345e+02   -1.09919e+03


DD  step 79999 load imb.: force  9.0%  pme mesh/force 0.827
           Step           Time
          80000       80.00000

   Energies (kJ/mol)
        LJ (SR)   Coulomb (SR)   Coul. recip.      Potential    Kinetic En.
    1.71728e+04   -1.78436e+05    5.57899e+02   -1.60705e+05    2.89017e+04
   Total Energy  Conserved En.    Temperature Pressure (bar)
   -1.31804e+05   -1.54796e+05    2.98439e+02   -1.04550e+03


DD  step 80999 load imb.: force  6.7%  pme mesh/force 0.828
           Step           Time
          81000       81.00000

   Energies (kJ/mol)
        LJ (SR)   Coulomb (SR)   Coul. recip.      Potential    Kinetic En.
    1.69921e+04   -1.79120e+05    5.94373e+02   -1.61534e+05    2.86929e+04
   Total Energy  Conserved En.    Temperature Pressure (bar)
   -1.32841e+05   -1.54759e+05    2.96284e+02   -1.23850e+03


DD  step 81999 load imb.: force  6.8%  pme mesh/force 0.807
           Step           Time
          82000       82.00000

   Energies (kJ/mol)
        LJ (SR)   Coulomb (SR)   Coul. recip.      Potential    Kinetic En.
    1.74522e+04   -1.79644e+05    5.38035e+02   -1.61654e+05    2.88751e+04
   Total Energy  Conserved En.    Temperature Pressure (bar)
   -1.32779e+05   -1.54765e+05    2.98165e+02   -1.03242e+03


DD  step 82999 load imb.: force  7.1%  pme mesh/force 0.834
           Step           Time
          83000       83.00000

   Energies (kJ/mol)
        LJ (SR)   Coulomb (SR)   Coul. recip.      Potential    Kinetic En.
    1.77538e+04   -1.80383e+05    5.54890e+02   -1.62074e+05    2.88511e+04
   Total Energy  Conserved En.    Temperature Pressure (bar)
   -1.33223e+05   -1.54758e+05    2.97917e+02   -9.04037e+02


DD  step 83999 load imb.: force  6.3%  pme mesh/force 0.829
           Step           Time
          84000       84.00000

   Energies (kJ/mol)
        LJ (SR)   Coulomb (SR)   Coul. recip.      Potential    Kinetic En.
    1.73475e+04   -1.78807e+05    6.01052e+02   -1.60858e+05    2.82770e+04
   Total Energy  Conserved En.    Temperature Pressure (bar)
   -1.32581e+05   -1.54790e+05    2.91989e+02   -9.96976e+02


DD  step 84999 load imb.: force  6.4%  pme mesh/force 0.837
           Step           Time
          85000       85.00000

   Energies (kJ/mol)
        LJ (SR)   Coulomb (SR)   Coul. recip.      Potential    Kinetic En.
    1.68855e+04   -1.78468e+05    5.71610e+02   -1.61011e+05    2.86178e+04
   Total Energy  Conserved En.    Temperature Pressure (bar)
   -1.32393e+05   -1.54782e+05    2.95508e+02   -1.19086e+03


DD  step 85999 load imb.: force  7.4%  pme mesh/force 0.833
           Step           Time
          86000       86.00000

   Energies (kJ/mol)
        LJ (SR)   Coulomb (SR)   Coul. recip.      Potential    Kinetic En.
    1.75373e+04   -1.79759e+05    5.50282e+02   -1.61671e+05    2.87516e+04
   Total Energy  Conserved En.    Temperature Pressure (bar)
   -1.32920e+05   -1.54802e+05    2.96890e+02   -9.55233e+02


DD  step 86999 load imb.: force  7.2%  pme mesh/force 0.823
           Step           Time
          87000       87.00000

   Energies (kJ/mol)
        LJ (SR)   Coulomb (SR)   Coul. recip.      Potential    Kinetic En.
    1.69104e+04   -1.78822e+05    5.62429e+02   -1.61349e+05    2.89419e+04
   Total Energy  Conserved En.    Temperature Pressure (bar)
   -1.32407e+05   -1.54759e+05    2.98855e+02   -1.24957e+03


DD  step 87999 load imb.: force  6.8%  pme mesh/force 0.819
           Step           Time
          88000       88.00000

   Energies (kJ/mol)
        LJ (SR)   Coulomb (SR)   Coul. recip.      Potential    Kinetic En.
    1.70538e+04   -1.79316e+05    5.48690e+02   -1.61713e+05    2.85726e+04
   Total Energy  Conserved En.    Temperature Pressure (bar)
   -1.33141e+05   -1.54805e+05    2.95041e+02   -1.21187e+03


DD  step 88999 load imb.: force  7.1%  pme mesh/force 0.852
           Step           Time
          89000       89.00000

   Energies (kJ/mol)
        LJ (SR)   Coulomb (SR)   Coul. recip.      Potential    Kinetic En.
    1.65635e+04   -1.78729e+05    6.06567e+02   -1.61559e+05    2.88680e+04
   Total Energy  Conserved En.    Temperature Pressure (bar)
   -1.32691e+05   -1.54802e+05    2.98091e+02   -1.43993e+03


DD  step 89999 load imb.: force  6.7%  pme mesh/force 0.858
           Step           Time
          90000       90.00000

   Energies (kJ/mol)
        LJ (SR)   Coulomb (SR)   Coul. recip.      Potential    Kinetic En.
    1.67303e+04   -1.79031e+05    5.48850e+02   -1.61752e+05    2.90803e+04
   Total Energy  Conserved En.    Temperature Pressure (bar)
   -1.32672e+05   -1.54766e+05    3.00283e+02   -1.35516e+03


DD  step 90999 load imb.: force  7.3%  pme mesh/force 0.820
           Step           Time
          91000       91.00000

   Energies (kJ/mol)
        LJ (SR)   Coulomb (SR)   Coul. recip.      Potential    Kinetic En.
    1.69447e+04   -1.78354e+05    5.93487e+02   -1.60816e+05    2.92242e+04
   Total Energy  Conserved En.    Temperature Pressure (bar)
   -1.31592e+05   -1.54779e+05    3.01770e+02   -1.10825e+03


DD  step 91999 load imb.: force  7.7%  pme mesh/force 0.814
           Step           Time
          92000       92.00000

   Energies (kJ/mol)
        LJ (SR)   Coulomb (SR)   Coul. recip.      Potential    Kinetic En.
    1.64026e+04   -1.78157e+05    5.96503e+02   -1.61158e+05    2.89669e+04
   Total Energy  Conserved En.    Temperature Pressure (bar)
   -1.32191e+05   -1.54785e+05    2.99113e+02   -1.44618e+03


DD  step 92999 load imb.: force  5.8%  pme mesh/force 0.838
           Step           Time
          93000       93.00000

   Energies (kJ/mol)
        LJ (SR)   Coulomb (SR)   Coul. recip.      Potential    Kinetic En.
    1.69596e+04   -1.78929e+05    5.52063e+02   -1.61417e+05    2.92927e+04
   Total Energy  Conserved En.    Temperature Pressure (bar)
   -1.32124e+05   -1.54758e+05    3.02477e+02   -1.24133e+03


DD  step 93999 load imb.: force  6.9%  pme mesh/force 0.812
           Step           Time
          94000       94.00000

   Energies (kJ/mol)
        LJ (SR)   Coulomb (SR)   Coul. recip.      Potential    Kinetic En.
    1.69712e+04   -1.78263e+05    6.00916e+02   -1.60690e+05    2.91043e+04
   Total Energy  Conserved En.    Temperature Pressure (bar)
   -1.31586e+05   -1.54764e+05    3.00531e+02   -1.05162e+03


DD  step 94999 load imb.: force  9.1%  pme mesh/force 0.801
           Step           Time
          95000       95.00000

   Energies (kJ/mol)
        LJ (SR)   Coulomb (SR)   Coul. recip.      Potential    Kinetic En.
    1.76854e+04   -1.79297e+05    5.21288e+02   -1.61090e+05    2.90769e+04
   Total Energy  Conserved En.    Temperature Pressure (bar)
   -1.32014e+05   -1.54790e+05    3.00248e+02   -7.75112e+02


DD  step 95999 load imb.: force  7.9%  pme mesh/force 0.830
           Step           Time
          96000       96.00000

   Energies (kJ/mol)
        LJ (SR)   Coulomb (SR)   Coul. recip.      Potential    Kinetic En.
    1.62681e+04   -1.78256e+05    6.04532e+02   -1.61384e+05    2.90245e+04
   Total Energy  Conserved En.    Temperature Pressure (bar)
   -1.32359e+05   -1.54795e+05    2.99708e+02   -1.53734e+03


DD  step 96999 load imb.: force 10.9%  pme mesh/force 0.837
           Step           Time
          97000       97.00000

   Energies (kJ/mol)
        LJ (SR)   Coulomb (SR)   Coul. recip.      Potential    Kinetic En.
    1.64499e+04   -1.78059e+05    5.70570e+02   -1.61039e+05    2.84126e+04
   Total Energy  Conserved En.    Temperature Pressure (bar)
   -1.32626e+05   -1.54764e+05    2.93389e+02   -1.36988e+03


DD  step 97999 load imb.: force  7.4%  pme mesh/force 0.825
           Step           Time
          98000       98.00000

   Energies (kJ/mol)
        LJ (SR)   Coulomb (SR)   Coul. recip.      Potential    Kinetic En.
    1.72774e+04   -1.80046e+05    5.33278e+02   -1.62235e+05    2.87568e+04
   Total Energy  Conserved En.    Temperature Pressure (bar)
   -1.33479e+05   -1.54716e+05    2.96944e+02   -1.18399e+03


DD  step 98999 load imb.: force  6.3%  pme mesh/force 0.831
           Step           Time
          99000       99.00000

   Energies (kJ/mol)
        LJ (SR)   Coulomb (SR)   Coul. recip.      Potential    Kinetic En.
    1.63979e+04   -1.78768e+05    5.92868e+02   -1.61777e+05    2.85851e+04
   Total Energy  Conserved En.    Temperature Pressure (bar)
   -1.33192e+05   -1.54769e+05    2.95170e+02   -1.53838e+03


DD  step 99999 load imb.: force  6.7%  pme mesh/force 0.826
           Step           Time
         100000      100.00000

   Energies (kJ/mol)
        LJ (SR)   Coulomb (SR)   Coul. recip.      Potential    Kinetic En.
    1.73197e+04   -1.79617e+05    5.40102e+02   -1.61758e+05    2.86051e+04
   Total Energy  Conserved En.    Temperature Pressure (bar)
   -1.33153e+05   -1.54790e+05    2.95377e+02   -1.11224e+03


DD  step 100999 load imb.: force  8.0%  pme mesh/force 0.845
           Step           Time
         101000      101.00000

   Energies (kJ/mol)
        LJ (SR)   Coulomb (SR)   Coul. recip.      Potential    Kinetic En.
    1.73259e+04   -1.78618e+05    5.56777e+02   -1.60735e+05    2.90634e+04
   Total Energy  Conserved En.    Temperature Pressure (bar)
   -1.31672e+05   -1.54780e+05    3.00109e+02   -9.79551e+02


DD  step 101999 load imb.: force  5.4%  pme mesh/force 0.838
           Step           Time
         102000      102.00000

   Energies (kJ/mol)
        LJ (SR)   Coulomb (SR)   Coul. recip.      Potential    Kinetic En.
    1.72573e+04   -1.79062e+05    5.50487e+02   -1.61254e+05    2.95888e+04
   Total Energy  Conserved En.    Temperature Pressure (bar)
   -1.31665e+05   -1.54744e+05    3.05535e+02   -1.01077e+03


DD  step 102999 load imb.: force  7.1%  pme mesh/force 0.823
           Step           Time
         103000      103.00000

   Energies (kJ/mol)
        LJ (SR)   Coulomb (SR)   Coul. recip.      Potential    Kinetic En.
    1.71199e+04   -1.78694e+05    5.55196e+02   -1.61019e+05    2.90637e+04
   Total Energy  Conserved En.    Temperature Pressure (bar)
   -1.31955e+05   -1.54749e+05    3.00112e+02   -1.05855e+03


DD  step 103999 load imb.: force  8.7%  pme mesh/force 0.811
           Step           Time
         104000      104.00000

   Energies (kJ/mol)
        LJ (SR)   Coulomb (SR)   Coul. recip.      Potential    Kinetic En.
    1.74440e+04   -1.79484e+05    5.78527e+02   -1.61462e+05    2.91059e+04
   Total Energy  Conserved En.    Temperature Pressure (bar)
   -1.32356e+05   -1.54737e+05    3.00549e+02   -9.33155e+02


DD  step 104999 load imb.: force  8.1%  pme mesh/force 0.847
           Step           Time
         105000      105.00000

   Energies (kJ/mol)
        LJ (SR)   Coulomb (SR)   Coul. recip.      Potential    Kinetic En.
    1.73990e+04   -1.79153e+05    5.50764e+02   -1.61204e+05    2.96454e+04
   Total Energy  Conserved En.    Temperature Pressure (bar)
   -1.31558e+05   -1.54738e+05    3.06119e+02   -9.73632e+02


DD  step 105999 load imb.: force  9.1%  pme mesh/force 0.835
           Step           Time
         106000      106.00000

   Energies (kJ/mol)
        LJ (SR)   Coulomb (SR)   Coul. recip.      Potential    Kinetic En.
    1.72655e+04   -1.79337e+05    5.24607e+02   -1.61547e+05    2.92749e+04
   Total Energy  Conserved En.    Temperature Pressure (bar)
   -1.32272e+05   -1.54780e+05    3.02293e+02   -1.06599e+03


DD  step 106999 load imb.: force  7.2%  pme mesh/force 0.838
           Step           Time
         107000      107.00000

   Energies (kJ/mol)
        LJ (SR)   Coulomb (SR)   Coul. recip.      Potential    Kinetic En.
    1.74249e+04   -1.79334e+05    5.28132e+02   -1.61381e+05    2.94741e+04
   Total Energy  Conserved En.    Temperature Pressure (bar)
   -1.31907e+05   -1.54766e+05    3.04351e+02   -9.69107e+02


DD  step 107999 load imb.: force  6.5%  pme mesh/force 0.826
           Step           Time
         108000      108.00000

   Energies (kJ/mol)
        LJ (SR)   Coulomb (SR)   Coul. recip.      Potential    Kinetic En.
    1.72958e+04   -1.79014e+05    5.46959e+02   -1.61172e+05    2.89967e+04
   Total Energy  Conserved En.    Temperature Pressure (bar)
   -1.32175e+05   -1.54760e+05    2.99420e+02   -9.99196e+02


DD  step 108999 load imb.: force  9.4%  pme mesh/force 0.826
           Step           Time
         109000      109.00000

   Energies (kJ/mol)
        LJ (SR)   Coulomb (SR)   Coul. recip.      Potential    Kinetic En.
    1.70058e+04   -1.78300e+05    5.92716e+02   -1.60701e+05    2.90831e+04
   Total Energy  Conserved En.    Temperature Pressure (bar)
   -1.31618e+05   -1.54761e+05    3.00312e+02   -1.07498e+03


DD  step 109999 load imb.: force  7.0%  pme mesh/force 0.849
           Step           Time
         110000      110.00000

   Energies (kJ/mol)
        LJ (SR)   Coulomb (SR)   Coul. recip.      Potential    Kinetic En.
    1.69270e+04   -1.78942e+05    5.60688e+02   -1.61455e+05    2.87451e+04
   Total Energy  Conserved En.    Temperature Pressure (bar)
   -1.32710e+05   -1.54717e+05    2.96822e+02   -1.24219e+03


DD  step 110999 load imb.: force  7.8%  pme mesh/force 0.827
           Step           Time
         111000      111.00000

   Energies (kJ/mol)
        LJ (SR)   Coulomb (SR)   Coul. recip.      Potential    Kinetic En.
    1.73112e+04   -1.79292e+05    5.67372e+02   -1.61413e+05    2.87190e+04
   Total Energy  Conserved En.    Temperature Pressure (bar)
   -1.32694e+05   -1.54717e+05    2.96553e+02   -1.01947e+03


DD  step 111999 load imb.: force  7.5%  pme mesh/force 0.808
           Step           Time
         112000      112.00000

   Energies (kJ/mol)
        LJ (SR)   Coulomb (SR)   Coul. recip.      Potential    Kinetic En.
    1.72918e+04   -1.79926e+05    5.70333e+02   -1.62064e+05    2.90543e+04
   Total Energy  Conserved En.    Temperature Pressure (bar)
   -1.33010e+05   -1.54759e+05    3.00015e+02   -1.15045e+03


DD  step 112999 load imb.: force  7.9%  pme mesh/force 0.826
           Step           Time
         113000      113.00000

   Energies (kJ/mol)
        LJ (SR)   Coulomb (SR)   Coul. recip.      Potential    Kinetic En.
    1.73391e+04   -1.79419e+05    5.66129e+02   -1.61513e+05    2.90903e+04
   Total Energy  Conserved En.    Temperature Pressure (bar)
   -1.32423e+05   -1.54786e+05    3.00387e+02   -1.06326e+03


DD  step 113999 load imb.: force  5.4%  pme mesh/force 0.834
           Step           Time
         114000      114.00000

   Energies (kJ/mol)
        LJ (SR)   Coulomb (SR)   Coul. recip.      Potential    Kinetic En.
    1.75447e+04   -1.79740e+05    5.75406e+02   -1.61619e+05    2.96863e+04
   Total Energy  Conserved En.    Temperature Pressure (bar)
   -1.31933e+05   -1.54759e+05    3.06541e+02   -9.23693e+02


DD  step 114999 load imb.: force  5.9%  pme mesh/force 0.832
           Step           Time
         115000      115.00000

   Energies (kJ/mol)
        LJ (SR)   Coulomb (SR)   Coul. recip.      Potential    Kinetic En.
    1.71213e+04   -1.78840e+05    6.13879e+02   -1.61105e+05    2.92026e+04
   Total Energy  Conserved En.    Temperature Pressure (bar)
   -1.31902e+05   -1.54708e+05    3.01547e+02   -1.10928e+03


DD  step 115999 load imb.: force  9.3%  pme mesh/force 0.843
           Step           Time
         116000      116.00000

   Energies (kJ/mol)
        LJ (SR)   Coulomb (SR)   Coul. recip.      Potential    Kinetic En.
    1.69600e+04   -1.78580e+05    5.77013e+02   -1.61043e+05    2.90261e+04
   Total Energy  Conserved En.    Temperature Pressure (bar)
   -1.32017e+05   -1.54712e+05    2.99725e+02   -1.11659e+03


DD  step 116999 load imb.: force  7.5%  pme mesh/force 0.839
           Step           Time
         117000      117.00000

   Energies (kJ/mol)
        LJ (SR)   Coulomb (SR)   Coul. recip.      Potential    Kinetic En.
    1.71952e+04   -1.78509e+05    5.97601e+02   -1.60716e+05    2.90789e+04
   Total Energy  Conserved En.    Temperature Pressure (bar)
   -1.31637e+05   -1.54711e+05    3.00269e+02   -9.95281e+02


DD  step 117999 load imb.: force  6.5%  pme mesh/force 0.830
           Step           Time
         118000      118.00000

   Energies (kJ/mol)
        LJ (SR)   Coulomb (SR)   Coul. recip.      Potential    Kinetic En.
    1.75178e+04   -1.79876e+05    5.63163e+02   -1.61795e+05    2.89078e+04
   Total Energy  Conserved En.    Temperature Pressure (bar)
   -1.32887e+05   -1.54718e+05    2.98503e+02   -1.00829e+03


DD  step 118999 load imb.: force  7.3%  pme mesh/force 0.809
           Step           Time
         119000      119.00000

   Energies (kJ/mol)
        LJ (SR)   Coulomb (SR)   Coul. recip.      Potential    Kinetic En.
    1.65903e+04   -1.78433e+05    5.16182e+02   -1.61326e+05    2.87160e+04
   Total Energy  Conserved En.    Temperature Pressure (bar)
   -1.32610e+05   -1.54702e+05    2.96522e+02   -1.40279e+03


DD  step 119999 load imb.: force  9.4%  pme mesh/force 0.857
           Step           Time
         120000      120.00000

   Energies (kJ/mol)
        LJ (SR)   Coulomb (SR)   Coul. recip.      Potential    Kinetic En.
    1.68753e+04   -1.78994e+05    5.79947e+02   -1.61538e+05    2.89266e+04
   Total Energy  Conserved En.    Temperature Pressure (bar)
   -1.32612e+05   -1.54697e+05    2.98697e+02   -1.28718e+03


DD  step 120999 load imb.: force  8.7%  pme mesh/force 0.817
           Step           Time
         121000      121.00000

   Energies (kJ/mol)
        LJ (SR)   Coulomb (SR)   Coul. recip.      Potential    Kinetic En.
    1.76860e+04   -1.79779e+05    5.84417e+02   -1.61508e+05    2.88497e+04
   Total Energy  Conserved En.    Temperature Pressure (bar)
   -1.32659e+05   -1.54718e+05    2.97903e+02   -8.74351e+02


DD  step 121999 load imb.: force  8.0%  pme mesh/force 0.849
           Step           Time
         122000      122.00000

   Energies (kJ/mol)
        LJ (SR)   Coulomb (SR)   Coul. recip.      Potential    Kinetic En.
    1.74641e+04   -1.79578e+05    5.43410e+02   -1.61570e+05    2.90568e+04
   Total Energy  Conserved En.    Temperature Pressure (bar)
   -1.32513e+05   -1.54721e+05    3.00041e+02   -1.00028e+03


DD  step 122999 load imb.: force  9.0%  pme mesh/force 0.838
           Step           Time
         123000      123.00000

   Energies (kJ/mol)
        LJ (SR)   Coulomb (SR)   Coul. recip.      Potential    Kinetic En.
    1.76156e+04   -1.79617e+05    5.85989e+02   -1.61416e+05    2.91131e+04
   Total Energy  Conserved En.    Temperature Pressure (bar)
   -1.32303e+05   -1.54710e+05    3.00622e+02   -8.62690e+02


DD  step 123999 load imb.: force  7.5%  pme mesh/force 0.823
           Step           Time
         124000      124.00000

   Energies (kJ/mol)
        LJ (SR)   Coulomb (SR)   Coul. recip.      Potential    Kinetic En.
    1.68594e+04   -1.78752e+05    5.61267e+02   -1.61332e+05    2.92870e+04
   Total Energy  Conserved En.    Temperature Pressure (bar)
   -1.32045e+05   -1.54748e+05    3.02418e+02   -1.23106e+03


DD  step 124999 load imb.: force  5.6%  pme mesh/force 0.843
           Step           Time
         125000      125.00000

Writing checkpoint, step 125000 at Tue Sep 27 16:20:22 2022


   Energies (kJ/mol)
        LJ (SR)   Coulomb (SR)   Coul. recip.      Potential    Kinetic En.
    1.69811e+04   -1.78819e+05    6.35442e+02   -1.61202e+05    2.91478e+04
   Total Energy  Conserved En.    Temperature Pressure (bar)
   -1.32054e+05   -1.54687e+05    3.00981e+02   -1.13029e+03


	<======  ###############  ==>
	<====  A V E R A G E S  ====>
	<==  ###############  ======>

	Statistics over 125001 steps using 1251 frames

   Energies (kJ/mol)
        LJ (SR)   Coulomb (SR)   Coul. recip.      Potential    Kinetic En.
    1.70975e+04   -1.78900e+05    5.70023e+02   -1.61232e+05    2.90674e+04
   Total Energy  Conserved En.    Temperature Pressure (bar)
   -1.32165e+05   -1.54856e+05    3.00151e+02   -1.11243e+03

   Total Virial (kJ/mol)
    1.38840e+04   -1.61507e+01   -2.50196e-01
   -1.62945e+01    1.38907e+04   -1.18406e+01
    4.82553e-01   -1.13143e+01    1.38537e+04

   Pressure (bar)
   -1.11537e+03    5.62340e+00    1.14774e+00
    5.66160e+00   -1.11847e+03    1.97026e+00
    9.53063e-01    1.83044e+00   -1.10345e+03


	M E G A - F L O P S   A C C O U N T I N G

 NB=Group-cutoff nonbonded kernels    NxN=N-by-N cluster Verlet kernels
 RF=Reaction-Field  VdW=Van der Waals  QSTab=quadratic-spline table
 W3=SPC/TIP3p  W4=TIP4p (single or pairs)
 V&F=Potential and force  V=Potential only  F=Force only

 Computing:                               M-Number         M-Flops  % Flops
-----------------------------------------------------------------------------
 Pair Search distance check            8628.869798       77659.828     0.1
 NxN Ewald Elec. + LJ [F]           1311142.645296   102269126.333    94.7
 NxN Ewald Elec. + LJ [V&F]           13254.519968     1709833.076     1.6
 NxN Ewald Elec. [F]                   6572.350224      400913.364     0.4
 NxN Ewald Elec. [V&F]                   66.443104        5581.221     0.0
 Calc Weights                          4365.784926      157168.257     0.1
 Spread Q Bspline                     93136.745088      186273.490     0.2
 Gather F Bspline                     93136.745088      558820.471     0.5
 3D-FFT                              299631.897036     2397055.176     2.2
 Solve PME                              441.003528       28224.226     0.0
 Reset In Box                            14.529216          43.588     0.0
 CG-CoM                                  14.575784          43.727     0.0
 Virial                                  16.590762         298.634     0.0
 Stop-CM                                 14.575784         145.758     0.0
 Calc-Ekin                              145.548284        3929.804     0.0
 Constraint-V                          1453.523256       11628.186     0.0
 Constraint-Vir                          14.546628         349.119     0.0
 Settle                                 484.511628      156497.256     0.1
-----------------------------------------------------------------------------
 Total                                               107963591.513   100.0
-----------------------------------------------------------------------------


    D O M A I N   D E C O M P O S I T I O N   S T A T I S T I C S

 av. #atoms communicated per step for force:  2 x 63473.4


Dynamic load balancing report:
 DLB got disabled because it was unsuitable to use.
 Average load imbalance: 7.1%.
 The balanceable part of the MD step is 84%, load imbalance is computed from this.
 Part of the total run time spent waiting due to load imbalance: 6.0%.
 Average PME mesh/force load: 0.844
 Part of the total run time spent waiting due to PP/PME imbalance: 3.5 %

NOTE: 6.0 % of the available CPU time was lost due to load imbalance
      in the domain decomposition.
      You might want to use dynamic load balancing (option -dlb.)
      You can also consider manually changing the decomposition (option -dd);
      e.g. by using fewer domains along the box dimension in which there is
      considerable inhomogeneity in the simulated system.

     R E A L   C Y C L E   A N D   T I M E   A C C O U N T I N G

On 36 MPI ranks doing PP, and
on 12 MPI ranks doing PME

 Computing:          Num   Num      Call    Wall time         Giga-Cycles
                     Ranks Threads  Count      (s)         total sum    %
-----------------------------------------------------------------------------
 Domain decomp.        36    1       1251       0.405         42.141   0.6
 DD comm. load         36    1       1250       0.004          0.392   0.0
 DD comm. bounds       36    1        418       0.016          1.695   0.0
 Send X to PME         36    1     125001       0.094          9.808   0.1
 Neighbor search       36    1       1251       0.861         89.718   1.2
 Comm. coord.          36    1     123750       3.288        342.432   4.7
 Force                 36    1     125001      39.200       4082.870  56.2
 Wait + Comm. F        36    1     125001       5.106        531.760   7.3
 PME mesh *            12    1     125001      37.983       1318.704  18.2
 PME wait for PP *                             14.056        488.006   6.7
 Wait + Recv. PME F    36    1     125001       0.757         78.894   1.1
 NB X/F buffer ops.    36    1     372501       1.266        131.895   1.8
 Write traj.           36    1         26       0.010          1.066   0.0
 Update                36    1     125001       0.194         20.192   0.3
 Constraints           36    1     125003       0.415         43.252   0.6
 Comm. energies        36    1       6251       0.554         57.696   0.8
 Rest                                           0.117         12.140   0.2
-----------------------------------------------------------------------------
 Total                                         52.287       7261.268 100.0
-----------------------------------------------------------------------------
(*) Note that with separate PME ranks, the walltime column actually sums to
    twice the total reported, but the cycle count total and % are correct.
-----------------------------------------------------------------------------
 Breakdown of PME mesh computation
-----------------------------------------------------------------------------
 PME redist. X/F       12    1     250002       5.869        203.776   2.8
 PME spread            12    1     125001       7.675        266.455   3.7
 PME gather            12    1     125001       6.490        225.319   3.1
 PME 3D-FFT            12    1     250002      11.464        398.023   5.5
 PME 3D-FFT Comm.      12    1     500004       5.628        195.408   2.7
 PME solve Elec        12    1     125001       0.772         26.811   0.4
-----------------------------------------------------------------------------

               Core t (s)   Wall t (s)        (%)
       Time:     2509.778       52.287     4800.0
                 (ns/day)    (hour/ns)
Performance:      206.552        0.116
Finished mdrun on rank 0 Tue Sep 27 16:20:22 2022

