                      :-) GROMACS - gmx mdrun, 2020.4 (-:

                            GROMACS is written by:
     Emile Apol      Rossen Apostolov      Paul Bauer     Herman J.C. Berendsen
    Par Bjelkmar      Christian Blau   Viacheslav Bolnykh     Kevin Boyd    
 Aldert van Buuren   Rudi van Drunen     Anton Feenstra       Alan Gray     
  Gerrit Groenhof     Anca Hamuraru    Vincent Hindriksen  M. Eric Irrgang  
  Aleksei Iupinov   Christoph Junghans     Joe Jordan     Dimitrios Karkoulis
    Peter Kasson        Jiri Kraus      Carsten Kutzner      Per Larsson    
  Justin A. Lemkul    Viveca Lindahl    Magnus Lundborg     Erik Marklund   
    Pascal Merz     Pieter Meulenhoff    Teemu Murtola       Szilard Pall   
    Sander Pronk      Roland Schulz      Michael Shirts    Alexey Shvetsov  
   Alfons Sijbers     Peter Tieleman      Jon Vincent      Teemu Virolainen 
 Christian Wennberg    Maarten Wolf      Artem Zhmurov   
                           and the project leaders:
        Mark Abraham, Berk Hess, Erik Lindahl, and David van der Spoel

Copyright (c) 1991-2000, University of Groningen, The Netherlands.
Copyright (c) 2001-2019, The GROMACS development team at
Uppsala University, Stockholm University and
the Royal Institute of Technology, Sweden.
check out http://www.gromacs.org for more information.

GROMACS is free software; you can redistribute it and/or modify it
under the terms of the GNU Lesser General Public License
as published by the Free Software Foundation; either version 2.1
of the License, or (at your option) any later version.

GROMACS:      gmx mdrun, version 2020.4
Executable:   /share/apps/gromacs/2020.4/openmpi/intel/bin/gmx_mpi
Data prefix:  /share/apps/gromacs/2020.4/openmpi/intel
Working dir:  /home/hl4872/ondemand/data/sys/myjobs/projects/default/2
Process ID:   3397423
Command line:
  gmx_mpi mdrun -deffnm md_0_1

GROMACS version:    2020.4
Verified release checksum is 79c2857291b034542c26e90512b92fd4b184a1c9d6fa59c55f2e24ccf14e7281
Precision:          single
Memory model:       64 bit
MPI library:        MPI
OpenMP support:     disabled
GPU support:        disabled
SIMD instructions:  AVX_512
FFT library:        Intel MKL
RDTSCP usage:       enabled
TNG support:        enabled
Hwloc support:      disabled
Tracing support:    disabled
C compiler:         /share/apps/openmpi/4.0.5/intel/bin/mpicc Intel 19.1.2.20200623
C compiler flags:   -xCORE-AVX512 -qopt-zmm-usage=high -mkl=sequential -wd3180 -std=gnu99 -ip -funroll-all-loops -alias-const -ansi-alias -no-prec-div -fimf-domain-exclusion=14 -qoverride-limits -O3 -DNDEBUG
C++ compiler:       /share/apps/openmpi/4.0.5/intel/bin/mpicxx Intel 19.1.2.20200623
C++ compiler flags: -xCORE-AVX512 -qopt-zmm-usage=high -mkl=sequential -wd3180 -ip -funroll-all-loops -alias-const -ansi-alias -no-prec-div -fimf-domain-exclusion=14 -qoverride-limits -O3 -DNDEBUG


Running on 1 node with total 48 cores, 48 logical cores
Hardware detected on host cs197.hpc.nyu.edu (the node of MPI rank 0):
  CPU info:
    Vendor: Intel
    Brand:  Intel(R) Xeon(R) Platinum 8268 CPU @ 2.90GHz
    Family: 6   Model: 85   Stepping: 7
    Features: aes apic avx avx2 avx512f avx512cd avx512bw avx512vl clfsh cmov cx8 cx16 f16c fma htt intel lahf mmx msr nonstop_tsc pcid pclmuldq pdcm pdpe1gb popcnt pse rdrnd rdtscp sse2 sse3 sse4.1 sse4.2 ssse3 tdt x2apic
    Number of AVX-512 FMA units: 2
  Hardware topology: Only logical processor count


++++ PLEASE READ AND CITE THE FOLLOWING REFERENCE ++++
M. J. Abraham, T. Murtola, R. Schulz, S. Páll, J. C. Smith, B. Hess, E.
Lindahl
GROMACS: High performance molecular simulations through multi-level
parallelism from laptops to supercomputers
SoftwareX 1 (2015) pp. 19-25
-------- -------- --- Thank You --- -------- --------


++++ PLEASE READ AND CITE THE FOLLOWING REFERENCE ++++
S. Páll, M. J. Abraham, C. Kutzner, B. Hess, E. Lindahl
Tackling Exascale Software Challenges in Molecular Dynamics Simulations with
GROMACS
In S. Markidis & E. Laure (Eds.), Solving Software Challenges for Exascale 8759 (2015) pp. 3-27
-------- -------- --- Thank You --- -------- --------


++++ PLEASE READ AND CITE THE FOLLOWING REFERENCE ++++
S. Pronk, S. Páll, R. Schulz, P. Larsson, P. Bjelkmar, R. Apostolov, M. R.
Shirts, J. C. Smith, P. M. Kasson, D. van der Spoel, B. Hess, and E. Lindahl
GROMACS 4.5: a high-throughput and highly parallel open source molecular
simulation toolkit
Bioinformatics 29 (2013) pp. 845-54
-------- -------- --- Thank You --- -------- --------


++++ PLEASE READ AND CITE THE FOLLOWING REFERENCE ++++
B. Hess and C. Kutzner and D. van der Spoel and E. Lindahl
GROMACS 4: Algorithms for highly efficient, load-balanced, and scalable
molecular simulation
J. Chem. Theory Comput. 4 (2008) pp. 435-447
-------- -------- --- Thank You --- -------- --------


++++ PLEASE READ AND CITE THE FOLLOWING REFERENCE ++++
D. van der Spoel, E. Lindahl, B. Hess, G. Groenhof, A. E. Mark and H. J. C.
Berendsen
GROMACS: Fast, Flexible and Free
J. Comp. Chem. 26 (2005) pp. 1701-1719
-------- -------- --- Thank You --- -------- --------


++++ PLEASE READ AND CITE THE FOLLOWING REFERENCE ++++
E. Lindahl and B. Hess and D. van der Spoel
GROMACS 3.0: A package for molecular simulation and trajectory analysis
J. Mol. Mod. 7 (2001) pp. 306-317
-------- -------- --- Thank You --- -------- --------


++++ PLEASE READ AND CITE THE FOLLOWING REFERENCE ++++
H. J. C. Berendsen, D. van der Spoel and R. van Drunen
GROMACS: A message-passing parallel molecular dynamics implementation
Comp. Phys. Comm. 91 (1995) pp. 43-56
-------- -------- --- Thank You --- -------- --------


++++ PLEASE CITE THE DOI FOR THIS VERSION OF GROMACS ++++
https://doi.org/10.5281/zenodo.4054979
-------- -------- --- Thank You --- -------- --------

Input Parameters:
   integrator                     = md
   tinit                          = 0
   dt                             = 0.002
   nsteps                         = 500000
   init-step                      = 0
   simulation-part                = 1
   comm-mode                      = Linear
   nstcomm                        = 100
   bd-fric                        = 0
   ld-seed                        = -1720531356
   emtol                          = 10
   emstep                         = 0.01
   niter                          = 20
   fcstep                         = 0
   nstcgsteep                     = 1000
   nbfgscorr                      = 10
   rtpi                           = 0.05
   nstxout                        = 0
   nstvout                        = 0
   nstfout                        = 0
   nstlog                         = 5000
   nstcalcenergy                  = 100
   nstenergy                      = 5000
   nstxout-compressed             = 5000
   compressed-x-precision         = 1000
   cutoff-scheme                  = Verlet
   nstlist                        = 10
   pbc                            = xyz
   periodic-molecules             = false
   verlet-buffer-tolerance        = 0.005
   rlist                          = 1
   coulombtype                    = PME
   coulomb-modifier               = Potential-shift
   rcoulomb-switch                = 0
   rcoulomb                       = 1
   epsilon-r                      = 1
   epsilon-rf                     = inf
   vdw-type                       = Cut-off
   vdw-modifier                   = Potential-shift
   rvdw-switch                    = 0
   rvdw                           = 1
   DispCorr                       = EnerPres
   table-extension                = 1
   fourierspacing                 = 0.16
   fourier-nx                     = 44
   fourier-ny                     = 44
   fourier-nz                     = 44
   pme-order                      = 4
   ewald-rtol                     = 1e-05
   ewald-rtol-lj                  = 0.001
   lj-pme-comb-rule               = Geometric
   ewald-geometry                 = 0
   epsilon-surface                = 0
   tcoupl                         = V-rescale
   nsttcouple                     = 10
   nh-chain-length                = 0
   print-nose-hoover-chain-variables = false
   pcoupl                         = Parrinello-Rahman
   pcoupltype                     = Isotropic
   nstpcouple                     = 10
   tau-p                          = 2
   compressibility (3x3):
      compressibility[    0]={ 4.50000e-05,  0.00000e+00,  0.00000e+00}
      compressibility[    1]={ 0.00000e+00,  4.50000e-05,  0.00000e+00}
      compressibility[    2]={ 0.00000e+00,  0.00000e+00,  4.50000e-05}
   ref-p (3x3):
      ref-p[    0]={ 1.00000e+00,  0.00000e+00,  0.00000e+00}
      ref-p[    1]={ 0.00000e+00,  1.00000e+00,  0.00000e+00}
      ref-p[    2]={ 0.00000e+00,  0.00000e+00,  1.00000e+00}
   refcoord-scaling               = No
   posres-com (3):
      posres-com[0]= 0.00000e+00
      posres-com[1]= 0.00000e+00
      posres-com[2]= 0.00000e+00
   posres-comB (3):
      posres-comB[0]= 0.00000e+00
      posres-comB[1]= 0.00000e+00
      posres-comB[2]= 0.00000e+00
   QMMM                           = false
   QMconstraints                  = 0
   QMMMscheme                     = 0
   MMChargeScaleFactor            = 1
qm-opts:
   ngQM                           = 0
   constraint-algorithm           = Lincs
   continuation                   = true
   Shake-SOR                      = false
   shake-tol                      = 0.0001
   lincs-order                    = 4
   lincs-iter                     = 1
   lincs-warnangle                = 30
   nwall                          = 0
   wall-type                      = 9-3
   wall-r-linpot                  = -1
   wall-atomtype[0]               = -1
   wall-atomtype[1]               = -1
   wall-density[0]                = 0
   wall-density[1]                = 0
   wall-ewald-zfac                = 3
   pull                           = false
   awh                            = false
   rotation                       = false
   interactiveMD                  = false
   disre                          = No
   disre-weighting                = Conservative
   disre-mixed                    = false
   dr-fc                          = 1000
   dr-tau                         = 0
   nstdisreout                    = 100
   orire-fc                       = 0
   orire-tau                      = 0
   nstorireout                    = 100
   free-energy                    = no
   cos-acceleration               = 0
   deform (3x3):
      deform[    0]={ 0.00000e+00,  0.00000e+00,  0.00000e+00}
      deform[    1]={ 0.00000e+00,  0.00000e+00,  0.00000e+00}
      deform[    2]={ 0.00000e+00,  0.00000e+00,  0.00000e+00}
   simulated-tempering            = false
   swapcoords                     = no
   userint1                       = 0
   userint2                       = 0
   userint3                       = 0
   userint4                       = 0
   userreal1                      = 0
   userreal2                      = 0
   userreal3                      = 0
   userreal4                      = 0
   applied-forces:
     electric-field:
       x:
         E0                       = 0
         omega                    = 0
         t0                       = 0
         sigma                    = 0
       y:
         E0                       = 0
         omega                    = 0
         t0                       = 0
         sigma                    = 0
       z:
         E0                       = 0
         omega                    = 0
         t0                       = 0
         sigma                    = 0
     density-guided-simulation:
       active                     = false
       group                      = protein
       similarity-measure         = inner-product
       atom-spreading-weight      = unity
       force-constant             = 1e+09
       gaussian-transform-spreading-width = 0.2
       gaussian-transform-spreading-range-in-multiples-of-width = 4
       reference-density-filename = reference.mrc
       nst                        = 1
       normalize-densities        = true
       adaptive-force-scaling     = false
       adaptive-force-scaling-time-constant = 4
grpopts:
   nrdf:     4920.79     63837.2
   ref-t:         300         300
   tau-t:         0.1         0.1
annealing:          No          No
annealing-npoints:           0           0
   acc:	           0           0           0
   nfreeze:           N           N           N
   energygrp-flags[  0]: 0

Changing nstlist from 10 to 50, rlist from 1 to 1.116


Initializing Domain Decomposition on 48 ranks
Dynamic load balancing: auto
Using update groups, nr 11645, average size 2.9 atoms, max. radius 0.103 nm
Minimum cell size due to atom displacement: 0.398 nm
Initial maximum distances in bonded interactions:
    two-body bonded interactions: 0.438 nm, LJ-14, atoms 1156 1405
  multi-body bonded interactions: 0.438 nm, Ryckaert-Bell., atoms 1156 1405
Minimum cell size due to bonded interactions: 0.482 nm
Scaling the initial minimum size with 1/0.8 (option -dds) = 1.25
Guess for relative PME load: 0.23
Will use 36 particle-particle and 12 PME only ranks
This is a guess, check the performance at the end of the log file
Using 12 separate PME ranks, as guessed by mdrun
Optimizing the DD grid for 36 cells with a minimum initial size of 0.603 nm
The maximum allowed number of cells is: X 11 Y 11 Z 11
Domain decomposition grid 4 x 3 x 3, separate PME ranks 12
PME domain decomposition: 4 x 3 x 1
Interleaving PP and PME ranks
This rank does only particle-particle work.
Domain decomposition rank 0, coordinates 0 0 0

The initial number of communication pulses is: X 1 Y 1 Z 1
The initial domain decomposition cell size is: X 1.74 nm Y 2.32 nm Z 2.32 nm

The maximum allowed distance for atom groups involved in interactions is:
                 non-bonded interactions           1.323 nm
(the following are initial values, they could change due to box deformation)
            two-body bonded interactions  (-rdd)   1.323 nm
          multi-body bonded interactions  (-rdd)   1.323 nm

When dynamic load balancing gets turned on, these settings will change to:
The maximum number of communication pulses is: X 1 Y 1 Z 1
The minimum size for domain decomposition cells is 1.323 nm
The requested allowed shrink of DD cells (option -dds) is: 0.80
The allowed shrink of domain decomposition cells is: X 0.76 Y 0.57 Z 0.57
The maximum allowed distance for atom groups involved in interactions is:
                 non-bonded interactions           1.323 nm
            two-body bonded interactions  (-rdd)   1.323 nm
          multi-body bonded interactions  (-rdd)   1.323 nm

Using 48 MPI processes

Non-default thread affinity set, disabling internal thread affinity
System total charge: -0.000
Will do PME sum in reciprocal space for electrostatic interactions.

++++ PLEASE READ AND CITE THE FOLLOWING REFERENCE ++++
U. Essmann, L. Perera, M. L. Berkowitz, T. Darden, H. Lee and L. G. Pedersen 
A smooth particle mesh Ewald method
J. Chem. Phys. 103 (1995) pp. 8577-8592
-------- -------- --- Thank You --- -------- --------

Using a Gaussian width (1/beta) of 0.320163 nm for Ewald
Potential shift: LJ r^-12: -1.000e+00 r^-6: -1.000e+00, Ewald -1.000e-05
Initialized non-bonded Ewald tables, spacing: 9.33e-04 size: 1073

Generated table with 1058 data points for 1-4 COUL.
Tabscale = 500 points/nm
Generated table with 1058 data points for 1-4 LJ6.
Tabscale = 500 points/nm
Generated table with 1058 data points for 1-4 LJ12.
Tabscale = 500 points/nm

Using SIMD 4x8 nonbonded short-range kernels

Using a dual 4x8 pair-list setup updated with dynamic pruning:
  outer list: updated every 50 steps, buffer 0.116 nm, rlist 1.116 nm
  inner list: updated every 12 steps, buffer 0.003 nm, rlist 1.003 nm
At tolerance 0.005 kJ/mol/ps per atom, equivalent classical 1x1 list would be:
  outer list: updated every 50 steps, buffer 0.245 nm, rlist 1.245 nm
  inner list: updated every 12 steps, buffer 0.047 nm, rlist 1.047 nm

Using geometric Lennard-Jones combination rule

Long Range LJ corr.: <C6> 3.1923e-04


Initializing LINear Constraint Solver

++++ PLEASE READ AND CITE THE FOLLOWING REFERENCE ++++
B. Hess and H. Bekker and H. J. C. Berendsen and J. G. E. M. Fraaije
LINCS: A Linear Constraint Solver for molecular simulations
J. Comp. Chem. 18 (1997) pp. 1463-1472
-------- -------- --- Thank You --- -------- --------

The number of constraints is 959

++++ PLEASE READ AND CITE THE FOLLOWING REFERENCE ++++
S. Miyamoto and P. A. Kollman
SETTLE: An Analytical Version of the SHAKE and RATTLE Algorithms for Rigid
Water Models
J. Comp. Chem. 13 (1992) pp. 952-962
-------- -------- --- Thank You --- -------- --------


Linking all bonded interactions to atoms

Intra-simulation communication will occur every 10 steps.

++++ PLEASE READ AND CITE THE FOLLOWING REFERENCE ++++
G. Bussi, D. Donadio and M. Parrinello
Canonical sampling through velocity rescaling
J. Chem. Phys. 126 (2007) pp. 014101
-------- -------- --- Thank You --- -------- --------

There are: 33876 Atoms
Atom distribution over 36 domains: av 941 stddev 27 min 888 max 1035
Center of mass motion removal mode is Linear
We have the following groups for center of mass motion removal:
  0:  rest

Started mdrun on rank 0 Tue Oct 11 21:10:07 2022

           Step           Time
              0        0.00000

   Energies (kJ/mol)
           Bond          Angle    Proper Dih. Ryckaert-Bell.          LJ-14
    1.38366e+03    4.00979e+03    2.34861e+02    1.86064e+03    2.72737e+03
     Coulomb-14        LJ (SR)  Disper. corr.   Coulomb (SR)   Coul. recip.
    7.75432e+03    9.38132e+04   -4.54297e+03   -6.35998e+05    2.88334e+03
      Potential    Kinetic En.   Total Energy  Conserved En.    Temperature
   -5.25874e+05    8.64145e+04   -4.39459e+05   -4.39439e+05    3.02315e+02
 Pres. DC (bar) Pressure (bar)   Constr. rmsd
   -2.23864e+02    6.71489e+01    2.82556e-06


DD  step 49 load imb.: force 16.0%  pme mesh/force 1.172

DD  step 4999 load imb.: force 11.4%  pme mesh/force 0.950

step 5000 Turning on dynamic load balancing, because the performance loss due to load imbalance is 2.3 %.
           Step           Time
           5000       10.00000

   Energies (kJ/mol)
           Bond          Angle    Proper Dih. Ryckaert-Bell.          LJ-14
    1.42945e+03    3.66192e+03    2.62018e+02    1.84459e+03    2.65049e+03
     Coulomb-14        LJ (SR)  Disper. corr.   Coulomb (SR)   Coul. recip.
    7.81877e+03    9.16760e+04   -4.55698e+03   -6.33693e+05    2.87126e+03
      Potential    Kinetic En.   Total Energy  Conserved En.    Temperature
   -5.26035e+05    8.53849e+04   -4.40650e+05   -4.39413e+05    2.98713e+02
 Pres. DC (bar) Pressure (bar)   Constr. rmsd
   -2.25245e+02   -3.66851e+02    2.99466e-06


DD  step 9999  vol min/aver 0.686  load imb.: force  3.4%  pme mesh/force 0.977
           Step           Time
          10000       20.00000

   Energies (kJ/mol)
           Bond          Angle    Proper Dih. Ryckaert-Bell.          LJ-14
    1.61352e+03    3.68946e+03    2.44691e+02    1.87120e+03    2.65217e+03
     Coulomb-14        LJ (SR)  Disper. corr.   Coulomb (SR)   Coul. recip.
    7.81180e+03    9.33897e+04   -4.54738e+03   -6.34873e+05    3.01307e+03
      Potential    Kinetic En.   Total Energy  Conserved En.    Temperature
   -5.25134e+05    8.58322e+04   -4.39302e+05   -4.39330e+05    3.00277e+02
 Pres. DC (bar) Pressure (bar)   Constr. rmsd
   -2.24298e+02   -2.04546e+02    3.08700e-06


DD  step 14999  vol min/aver 0.709  load imb.: force  3.6%  pme mesh/force 0.967
           Step           Time
          15000       30.00000

   Energies (kJ/mol)
           Bond          Angle    Proper Dih. Ryckaert-Bell.          LJ-14
    1.41632e+03    3.96540e+03    2.50905e+02    1.92527e+03    2.65813e+03
     Coulomb-14        LJ (SR)  Disper. corr.   Coulomb (SR)   Coul. recip.
    7.78586e+03    9.39355e+04   -4.55065e+03   -6.34709e+05    2.92291e+03
      Potential    Kinetic En.   Total Energy  Conserved En.    Temperature
   -5.24399e+05    8.59855e+04   -4.38414e+05   -4.39279e+05    3.00814e+02
 Pres. DC (bar) Pressure (bar)   Constr. rmsd
   -2.24620e+02    1.33198e+01    2.83866e-06


DD  step 19999  vol min/aver 0.717  load imb.: force  4.7%  pme mesh/force 0.975
           Step           Time
          20000       40.00000

   Energies (kJ/mol)
           Bond          Angle    Proper Dih. Ryckaert-Bell.          LJ-14
    1.40001e+03    3.69360e+03    2.55838e+02    1.71338e+03    2.63448e+03
     Coulomb-14        LJ (SR)  Disper. corr.   Coulomb (SR)   Coul. recip.
    7.71892e+03    9.36815e+04   -4.55725e+03   -6.34528e+05    2.93940e+03
      Potential    Kinetic En.   Total Energy  Conserved En.    Temperature
   -5.25048e+05    8.55834e+04   -4.39465e+05   -4.39256e+05    2.99407e+02
 Pres. DC (bar) Pressure (bar)   Constr. rmsd
   -2.25271e+02   -5.30116e+01    3.33606e-06


DD  step 24999  vol min/aver 0.677  load imb.: force  4.2%  pme mesh/force 1.002
           Step           Time
          25000       50.00000

   Energies (kJ/mol)
           Bond          Angle    Proper Dih. Ryckaert-Bell.          LJ-14
    1.53125e+03    3.66845e+03    2.37520e+02    1.89474e+03    2.57076e+03
     Coulomb-14        LJ (SR)  Disper. corr.   Coulomb (SR)   Coul. recip.
    7.74930e+03    9.40121e+04   -4.55665e+03   -6.33920e+05    3.00209e+03
      Potential    Kinetic En.   Total Energy  Conserved En.    Temperature
   -5.23811e+05    8.50245e+04   -4.38786e+05   -4.39181e+05    2.97452e+02
 Pres. DC (bar) Pressure (bar)   Constr. rmsd
   -2.25213e+02   -1.17561e+00    3.10233e-06


DD  step 29999  vol min/aver 0.699  load imb.: force  2.8%  pme mesh/force 0.965
           Step           Time
          30000       60.00000

   Energies (kJ/mol)
           Bond          Angle    Proper Dih. Ryckaert-Bell.          LJ-14
    1.50468e+03    3.82552e+03    2.69263e+02    1.90734e+03    2.70314e+03
     Coulomb-14        LJ (SR)  Disper. corr.   Coulomb (SR)   Coul. recip.
    7.81824e+03    9.38664e+04   -4.56756e+03   -6.33620e+05    2.90321e+03
      Potential    Kinetic En.   Total Energy  Conserved En.    Temperature
   -5.23390e+05    8.64603e+04   -4.36930e+05   -4.39145e+05    3.02475e+02
 Pres. DC (bar) Pressure (bar)   Constr. rmsd
   -2.26290e+02    3.15953e+02    3.00800e-06


DD  step 34999  vol min/aver 0.706  load imb.: force  3.3%  pme mesh/force 0.971
           Step           Time
          35000       70.00000

   Energies (kJ/mol)
           Bond          Angle    Proper Dih. Ryckaert-Bell.          LJ-14
    1.43323e+03    3.80611e+03    2.47554e+02    1.76425e+03    2.64139e+03
     Coulomb-14        LJ (SR)  Disper. corr.   Coulomb (SR)   Coul. recip.
    7.73832e+03    9.29444e+04   -4.55105e+03   -6.34142e+05    2.99762e+03
      Potential    Kinetic En.   Total Energy  Conserved En.    Temperature
   -5.25120e+05    8.56128e+04   -4.39508e+05   -4.39092e+05    2.99510e+02
 Pres. DC (bar) Pressure (bar)   Constr. rmsd
   -2.24660e+02   -1.64941e+02    2.94223e-06


DD  step 39999  vol min/aver 0.672  load imb.: force  3.1%  pme mesh/force 0.966
           Step           Time
          40000       80.00000

   Energies (kJ/mol)
           Bond          Angle    Proper Dih. Ryckaert-Bell.          LJ-14
    1.55115e+03    3.69423e+03    2.31895e+02    1.90853e+03    2.56477e+03
     Coulomb-14        LJ (SR)  Disper. corr.   Coulomb (SR)   Coul. recip.
    7.73045e+03    9.31205e+04   -4.55808e+03   -6.34850e+05    2.91140e+03
      Potential    Kinetic En.   Total Energy  Conserved En.    Temperature
   -5.25695e+05    8.60101e+04   -4.39685e+05   -4.39053e+05    3.00900e+02
 Pres. DC (bar) Pressure (bar)   Constr. rmsd
   -2.25354e+02   -2.79387e+02    2.89203e-06


DD  step 44999  vol min/aver 0.657  load imb.: force  4.2%  pme mesh/force 0.978
           Step           Time
          45000       90.00000

   Energies (kJ/mol)
           Bond          Angle    Proper Dih. Ryckaert-Bell.          LJ-14
    1.44597e+03    3.64043e+03    2.34506e+02    1.82788e+03    2.61430e+03
     Coulomb-14        LJ (SR)  Disper. corr.   Coulomb (SR)   Coul. recip.
    7.69637e+03    9.32824e+04   -4.58902e+03   -6.34094e+05    2.85381e+03
      Potential    Kinetic En.   Total Energy  Conserved En.    Temperature
   -5.25088e+05    8.45043e+04   -4.40583e+05   -4.38989e+05    2.95632e+02
 Pres. DC (bar) Pressure (bar)   Constr. rmsd
   -2.28419e+02    3.00922e+01    2.72190e-06


DD  step 49999  vol min/aver 0.655  load imb.: force  3.6%  pme mesh/force 0.971
           Step           Time
          50000      100.00000

   Energies (kJ/mol)
           Bond          Angle    Proper Dih. Ryckaert-Bell.          LJ-14
    1.55428e+03    3.78907e+03    2.33602e+02    1.81135e+03    2.58236e+03
     Coulomb-14        LJ (SR)  Disper. corr.   Coulomb (SR)   Coul. recip.
    7.76574e+03    9.43141e+04   -4.58511e+03   -6.35424e+05    2.87306e+03
      Potential    Kinetic En.   Total Energy  Conserved En.    Temperature
   -5.25086e+05    8.56712e+04   -4.39415e+05   -4.38940e+05    2.99714e+02
 Pres. DC (bar) Pressure (bar)   Constr. rmsd
   -2.28031e+02    1.74413e+02    2.94947e-06


DD  step 54999  vol min/aver 0.715  load imb.: force  3.9%  pme mesh/force 0.956
           Step           Time
          55000      110.00000

   Energies (kJ/mol)
           Bond          Angle    Proper Dih. Ryckaert-Bell.          LJ-14
    1.55451e+03    3.83679e+03    2.81749e+02    1.76962e+03    2.61516e+03
     Coulomb-14        LJ (SR)  Disper. corr.   Coulomb (SR)   Coul. recip.
    7.76402e+03    9.34212e+04   -4.56433e+03   -6.34540e+05    2.87818e+03
      Potential    Kinetic En.   Total Energy  Conserved En.    Temperature
   -5.24983e+05    8.57838e+04   -4.39199e+05   -4.38881e+05    3.00108e+02
 Pres. DC (bar) Pressure (bar)   Constr. rmsd
   -2.25972e+02   -1.69085e+02    2.83249e-06


DD  step 59999  vol min/aver 0.683  load imb.: force  3.3%  pme mesh/force 0.975
           Step           Time
          60000      120.00000

   Energies (kJ/mol)
           Bond          Angle    Proper Dih. Ryckaert-Bell.          LJ-14
    1.51628e+03    3.64509e+03    2.77211e+02    1.77389e+03    2.59463e+03
     Coulomb-14        LJ (SR)  Disper. corr.   Coulomb (SR)   Coul. recip.
    7.79583e+03    9.24685e+04   -4.55282e+03   -6.34135e+05    2.93175e+03
      Potential    Kinetic En.   Total Energy  Conserved En.    Temperature
   -5.25685e+05    8.54948e+04   -4.40190e+05   -4.38817e+05    2.99097e+02
 Pres. DC (bar) Pressure (bar)   Constr. rmsd
   -2.24834e+02   -3.05749e+02    2.77192e-06


DD  step 64999  vol min/aver 0.670  load imb.: force  4.0%  pme mesh/force 0.991
           Step           Time
          65000      130.00000

   Energies (kJ/mol)
           Bond          Angle    Proper Dih. Ryckaert-Bell.          LJ-14
    1.39135e+03    3.63433e+03    2.41156e+02    1.79513e+03    2.63229e+03
     Coulomb-14        LJ (SR)  Disper. corr.   Coulomb (SR)   Coul. recip.
    7.70959e+03    9.35548e+04   -4.57902e+03   -6.35185e+05    3.00766e+03
      Potential    Kinetic En.   Total Energy  Conserved En.    Temperature
   -5.25798e+05    8.56758e+04   -4.40122e+05   -4.38767e+05    2.99730e+02
 Pres. DC (bar) Pressure (bar)   Constr. rmsd
   -2.27426e+02    5.20316e+01    3.14678e-06


DD  step 69999  vol min/aver 0.675  load imb.: force  4.3%  pme mesh/force 0.972
           Step           Time
          70000      140.00000

   Energies (kJ/mol)
           Bond          Angle    Proper Dih. Ryckaert-Bell.          LJ-14
    1.51116e+03    3.88261e+03    2.70999e+02    1.78308e+03    2.70495e+03
     Coulomb-14        LJ (SR)  Disper. corr.   Coulomb (SR)   Coul. recip.
    7.81006e+03    9.40268e+04   -4.55518e+03   -6.34612e+05    2.98617e+03
      Potential    Kinetic En.   Total Energy  Conserved En.    Temperature
   -5.24192e+05    8.59701e+04   -4.38222e+05   -4.38700e+05    3.00760e+02
 Pres. DC (bar) Pressure (bar)   Constr. rmsd
   -2.25067e+02    4.52293e+01    2.99454e-06


DD  step 74999  vol min/aver 0.655  load imb.: force  3.1%  pme mesh/force 0.976
           Step           Time
          75000      150.00000

   Energies (kJ/mol)
           Bond          Angle    Proper Dih. Ryckaert-Bell.          LJ-14
    1.48830e+03    3.71671e+03    2.35240e+02    1.80756e+03    2.58428e+03
     Coulomb-14        LJ (SR)  Disper. corr.   Coulomb (SR)   Coul. recip.
    7.65023e+03    9.43509e+04   -4.56664e+03   -6.36024e+05    2.96596e+03
      Potential    Kinetic En.   Total Energy  Conserved En.    Temperature
   -5.25792e+05    8.48542e+04   -4.40938e+05   -4.38655e+05    2.96856e+02
 Pres. DC (bar) Pressure (bar)   Constr. rmsd
   -2.26200e+02    8.47343e+01    2.82102e-06


DD  step 79999  vol min/aver 0.678  load imb.: force  2.6%  pme mesh/force 0.963
           Step           Time
          80000      160.00000

   Energies (kJ/mol)
           Bond          Angle    Proper Dih. Ryckaert-Bell.          LJ-14
    1.43898e+03    3.76724e+03    2.14068e+02    1.68531e+03    2.62556e+03
     Coulomb-14        LJ (SR)  Disper. corr.   Coulomb (SR)   Coul. recip.
    7.76607e+03    9.33882e+04   -4.56490e+03   -6.34842e+05    2.86957e+03
      Potential    Kinetic En.   Total Energy  Conserved En.    Temperature
   -5.25652e+05    8.46682e+04   -4.40984e+05   -4.38601e+05    2.96205e+02
 Pres. DC (bar) Pressure (bar)   Constr. rmsd
   -2.26027e+02   -1.73364e+01    2.43995e-06


DD  step 84999  vol min/aver 0.673  load imb.: force  4.6%  pme mesh/force 0.975
           Step           Time
          85000      170.00000

   Energies (kJ/mol)
           Bond          Angle    Proper Dih. Ryckaert-Bell.          LJ-14
    1.47146e+03    3.79517e+03    2.48739e+02    1.72902e+03    2.66142e+03
     Coulomb-14        LJ (SR)  Disper. corr.   Coulomb (SR)   Coul. recip.
    7.71886e+03    9.34421e+04   -4.55037e+03   -6.34937e+05    2.93045e+03
      Potential    Kinetic En.   Total Energy  Conserved En.    Temperature
   -5.25490e+05    8.53490e+04   -4.40141e+05   -4.38577e+05    2.98587e+02
 Pres. DC (bar) Pressure (bar)   Constr. rmsd
   -2.24593e+02   -4.03464e+01    2.93638e-06


DD  step 89999  vol min/aver 0.704  load imb.: force  4.1%  pme mesh/force 0.969
           Step           Time
          90000      180.00000

   Energies (kJ/mol)
           Bond          Angle    Proper Dih. Ryckaert-Bell.          LJ-14
    1.51520e+03    3.62260e+03    2.39358e+02    1.72670e+03    2.63793e+03
     Coulomb-14        LJ (SR)  Disper. corr.   Coulomb (SR)   Coul. recip.
    7.84179e+03    9.44809e+04   -4.58215e+03   -6.36840e+05    2.93823e+03
      Potential    Kinetic En.   Total Energy  Conserved En.    Temperature
   -5.26420e+05    8.51845e+04   -4.41235e+05   -4.38497e+05    2.98011e+02
 Pres. DC (bar) Pressure (bar)   Constr. rmsd
   -2.27737e+02    1.80704e+02    2.79217e-06


DD  step 94999  vol min/aver 0.682  load imb.: force  3.4%  pme mesh/force 0.968
           Step           Time
          95000      190.00000

   Energies (kJ/mol)
           Bond          Angle    Proper Dih. Ryckaert-Bell.          LJ-14
    1.58253e+03    3.67193e+03    2.66173e+02    1.75777e+03    2.72148e+03
     Coulomb-14        LJ (SR)  Disper. corr.   Coulomb (SR)   Coul. recip.
    7.85095e+03    9.39473e+04   -4.55666e+03   -6.35411e+05    2.94094e+03
      Potential    Kinetic En.   Total Energy  Conserved En.    Temperature
   -5.25229e+05    8.72201e+04   -4.38009e+05   -4.38459e+05    3.05133e+02
 Pres. DC (bar) Pressure (bar)   Constr. rmsd
   -2.25213e+02   -2.71787e+01    2.85110e-06


DD  step 99999  vol min/aver 0.649  load imb.: force  2.8%  pme mesh/force 0.985
           Step           Time
         100000      200.00000

   Energies (kJ/mol)
           Bond          Angle    Proper Dih. Ryckaert-Bell.          LJ-14
    1.44783e+03    3.82070e+03    2.29446e+02    1.81366e+03    2.63871e+03
     Coulomb-14        LJ (SR)  Disper. corr.   Coulomb (SR)   Coul. recip.
    7.80849e+03    9.28611e+04   -4.53157e+03   -6.33591e+05    2.80744e+03
      Potential    Kinetic En.   Total Energy  Conserved En.    Temperature
   -5.24696e+05    8.58681e+04   -4.38828e+05   -4.38380e+05    3.00403e+02
 Pres. DC (bar) Pressure (bar)   Constr. rmsd
   -2.22743e+02   -1.54751e+02    2.96959e-06


DD  step 104999  vol min/aver 0.689  load imb.: force  2.7%  pme mesh/force 0.977
           Step           Time
         105000      210.00000

   Energies (kJ/mol)
           Bond          Angle    Proper Dih. Ryckaert-Bell.          LJ-14
    1.46669e+03    3.78520e+03    2.53531e+02    1.79165e+03    2.72417e+03
     Coulomb-14        LJ (SR)  Disper. corr.   Coulomb (SR)   Coul. recip.
    7.72844e+03    9.40622e+04   -4.56903e+03   -6.34315e+05    2.91155e+03
      Potential    Kinetic En.   Total Energy  Conserved En.    Temperature
   -5.24161e+05    8.56250e+04   -4.38536e+05   -4.38332e+05    2.99553e+02
 Pres. DC (bar) Pressure (bar)   Constr. rmsd
   -2.26436e+02    2.15218e+02    3.03731e-06


DD  step 109999  vol min/aver 0.701  load imb.: force  3.2%  pme mesh/force 0.964
           Step           Time
         110000      220.00000

   Energies (kJ/mol)
           Bond          Angle    Proper Dih. Ryckaert-Bell.          LJ-14
    1.56165e+03    3.83992e+03    2.75525e+02    1.76267e+03    2.62062e+03
     Coulomb-14        LJ (SR)  Disper. corr.   Coulomb (SR)   Coul. recip.
    7.81539e+03    9.37954e+04   -4.54110e+03   -6.35187e+05    2.90193e+03
      Potential    Kinetic En.   Total Energy  Conserved En.    Temperature
   -5.25155e+05    8.59238e+04   -4.39231e+05   -4.38270e+05    3.00598e+02
 Pres. DC (bar) Pressure (bar)   Constr. rmsd
   -2.23680e+02   -9.55781e+01    2.99602e-06


DD  step 114999  vol min/aver 0.685  load imb.: force  3.6%  pme mesh/force 0.972
           Step           Time
         115000      230.00000

   Energies (kJ/mol)
           Bond          Angle    Proper Dih. Ryckaert-Bell.          LJ-14
    1.41401e+03    3.87613e+03    2.48982e+02    1.77525e+03    2.58354e+03
     Coulomb-14        LJ (SR)  Disper. corr.   Coulomb (SR)   Coul. recip.
    7.63283e+03    9.22164e+04   -4.53937e+03   -6.32128e+05    2.96493e+03
      Potential    Kinetic En.   Total Energy  Conserved En.    Temperature
   -5.23956e+05    8.62883e+04   -4.37667e+05   -4.38231e+05    3.01873e+02
 Pres. DC (bar) Pressure (bar)   Constr. rmsd
   -2.23509e+02   -3.29964e+02    3.04246e-06


DD  step 119999  vol min/aver 0.706  load imb.: force  3.3%  pme mesh/force 0.970
           Step           Time
         120000      240.00000

   Energies (kJ/mol)
           Bond          Angle    Proper Dih. Ryckaert-Bell.          LJ-14
    1.48755e+03    3.65403e+03    2.17766e+02    1.77852e+03    2.66629e+03
     Coulomb-14        LJ (SR)  Disper. corr.   Coulomb (SR)   Coul. recip.
    7.71888e+03    9.30321e+04   -4.55186e+03   -6.34205e+05    2.88913e+03
      Potential    Kinetic En.   Total Energy  Conserved En.    Temperature
   -5.25312e+05    8.61765e+04   -4.39136e+05   -4.38177e+05    3.01482e+02
 Pres. DC (bar) Pressure (bar)   Constr. rmsd
   -2.24739e+02   -1.50698e+02    2.72744e-06


DD  step 124999  vol min/aver 0.681  load imb.: force  3.1%  pme mesh/force 0.965
           Step           Time
         125000      250.00000

   Energies (kJ/mol)
           Bond          Angle    Proper Dih. Ryckaert-Bell.          LJ-14
    1.53593e+03    3.88401e+03    2.64605e+02    1.76371e+03    2.59612e+03
     Coulomb-14        LJ (SR)  Disper. corr.   Coulomb (SR)   Coul. recip.
    7.70380e+03    9.28131e+04   -4.56384e+03   -6.33532e+05    2.91660e+03
      Potential    Kinetic En.   Total Energy  Conserved En.    Temperature
   -5.24618e+05    8.56269e+04   -4.38991e+05   -4.38097e+05    2.99559e+02
 Pres. DC (bar) Pressure (bar)   Constr. rmsd
   -2.25923e+02   -4.44205e+01    3.06046e-06


DD  step 129999  vol min/aver 0.652  load imb.: force  4.6%  pme mesh/force 0.975
           Step           Time
         130000      260.00000

   Energies (kJ/mol)
           Bond          Angle    Proper Dih. Ryckaert-Bell.          LJ-14
    1.53331e+03    3.70743e+03    2.48587e+02    1.73790e+03    2.62768e+03
     Coulomb-14        LJ (SR)  Disper. corr.   Coulomb (SR)   Coul. recip.
    7.78070e+03    9.33387e+04   -4.55448e+03   -6.34220e+05    2.97926e+03
      Potential    Kinetic En.   Total Energy  Conserved En.    Temperature
   -5.24821e+05    8.54546e+04   -4.39367e+05   -4.38046e+05    2.98957e+02
 Pres. DC (bar) Pressure (bar)   Constr. rmsd
   -2.24998e+02    2.05310e+00    2.55419e-06


DD  step 134999  vol min/aver 0.671  load imb.: force  4.7%  pme mesh/force 0.982
           Step           Time
         135000      270.00000

   Energies (kJ/mol)
           Bond          Angle    Proper Dih. Ryckaert-Bell.          LJ-14
    1.46356e+03    3.81266e+03    2.09346e+02    1.77012e+03    2.70538e+03
     Coulomb-14        LJ (SR)  Disper. corr.   Coulomb (SR)   Coul. recip.
    7.73735e+03    9.43072e+04   -4.58179e+03   -6.35574e+05    2.89338e+03
      Potential    Kinetic En.   Total Energy  Conserved En.    Temperature
   -5.25256e+05    8.60258e+04   -4.39231e+05   -4.37987e+05    3.00955e+02
 Pres. DC (bar) Pressure (bar)   Constr. rmsd
   -2.27701e+02    3.35374e+02    2.89992e-06


DD  step 139999  vol min/aver 0.704  load imb.: force  2.8%  pme mesh/force 0.973
           Step           Time
         140000      280.00000

   Energies (kJ/mol)
           Bond          Angle    Proper Dih. Ryckaert-Bell.          LJ-14
    1.53953e+03    3.83802e+03    2.49903e+02    1.74279e+03    2.63228e+03
     Coulomb-14        LJ (SR)  Disper. corr.   Coulomb (SR)   Coul. recip.
    7.71056e+03    9.43303e+04   -4.54798e+03   -6.34712e+05    2.98692e+03
      Potential    Kinetic En.   Total Energy  Conserved En.    Temperature
   -5.24230e+05    8.59616e+04   -4.38268e+05   -4.37945e+05    3.00730e+02
 Pres. DC (bar) Pressure (bar)   Constr. rmsd
   -2.24357e+02    2.94319e+00    2.51609e-06


DD  step 144999  vol min/aver 0.703  load imb.: force  2.7%  pme mesh/force 0.985
           Step           Time
         145000      290.00000

   Energies (kJ/mol)
           Bond          Angle    Proper Dih. Ryckaert-Bell.          LJ-14
    1.42543e+03    3.83044e+03    2.57147e+02    1.70326e+03    2.59070e+03
     Coulomb-14        LJ (SR)  Disper. corr.   Coulomb (SR)   Coul. recip.
    7.72408e+03    9.40575e+04   -4.55269e+03   -6.34560e+05    2.90205e+03
      Potential    Kinetic En.   Total Energy  Conserved En.    Temperature
   -5.24622e+05    8.54312e+04   -4.39190e+05   -4.37905e+05    2.98875e+02
 Pres. DC (bar) Pressure (bar)   Constr. rmsd
   -2.24821e+02   -2.31290e+01    2.80661e-06


step 147000 Turning off dynamic load balancing, because it is degrading performance.
Atom distribution over 36 domains: av 941 stddev 23 min 906 max 1000

DD  step 149999 load imb.: force 12.2%  pme mesh/force 0.940
           Step           Time
         150000      300.00000

   Energies (kJ/mol)
           Bond          Angle    Proper Dih. Ryckaert-Bell.          LJ-14
    1.34368e+03    3.78960e+03    2.43831e+02    1.64506e+03    2.63094e+03
     Coulomb-14        LJ (SR)  Disper. corr.   Coulomb (SR)   Coul. recip.
    7.79150e+03    9.39785e+04   -4.55583e+03   -6.36668e+05    2.88195e+03
      Potential    Kinetic En.   Total Energy  Conserved En.    Temperature
   -5.26919e+05    8.53817e+04   -4.41537e+05   -4.37845e+05    2.98702e+02
 Pres. DC (bar) Pressure (bar)   Constr. rmsd
   -2.25131e+02   -1.02148e+02    3.05510e-06


DD  step 154999 load imb.: force 13.8%  pme mesh/force 0.927

step 155000 Turning on dynamic load balancing, because the performance loss due to load imbalance is 3.3 %.
           Step           Time
         155000      310.00000

   Energies (kJ/mol)
           Bond          Angle    Proper Dih. Ryckaert-Bell.          LJ-14
    1.44548e+03    3.98982e+03    2.46041e+02    1.75831e+03    2.67340e+03
     Coulomb-14        LJ (SR)  Disper. corr.   Coulomb (SR)   Coul. recip.
    7.76974e+03    9.44146e+04   -4.56041e+03   -6.36046e+05    2.92071e+03
      Potential    Kinetic En.   Total Energy  Conserved En.    Temperature
   -5.25388e+05    8.59188e+04   -4.39469e+05   -4.37765e+05    3.00581e+02
 Pres. DC (bar) Pressure (bar)   Constr. rmsd
   -2.25584e+02    1.22576e+02    2.78018e-06


DD  step 159999  vol min/aver 0.689  load imb.: force  4.3%  pme mesh/force 0.951
           Step           Time
         160000      320.00000

   Energies (kJ/mol)
           Bond          Angle    Proper Dih. Ryckaert-Bell.          LJ-14
    1.50424e+03    3.86235e+03    2.30841e+02    1.71454e+03    2.60181e+03
     Coulomb-14        LJ (SR)  Disper. corr.   Coulomb (SR)   Coul. recip.
    7.85229e+03    9.38853e+04   -4.55897e+03   -6.33515e+05    2.93710e+03
      Potential    Kinetic En.   Total Energy  Conserved En.    Temperature
   -5.23486e+05    8.59051e+04   -4.37580e+05   -4.37727e+05    3.00533e+02
 Pres. DC (bar) Pressure (bar)   Constr. rmsd
   -2.25442e+02    7.16121e+01    2.79831e-06


DD  step 164999  vol min/aver 0.704  load imb.: force  2.8%  pme mesh/force 0.972
           Step           Time
         165000      330.00000

   Energies (kJ/mol)
           Bond          Angle    Proper Dih. Ryckaert-Bell.          LJ-14
    1.57252e+03    3.61781e+03    2.65197e+02    1.68528e+03    2.64682e+03
     Coulomb-14        LJ (SR)  Disper. corr.   Coulomb (SR)   Coul. recip.
    7.70376e+03    9.33066e+04   -4.55079e+03   -6.34180e+05    2.98941e+03
      Potential    Kinetic En.   Total Energy  Conserved En.    Temperature
   -5.24944e+05    8.59139e+04   -4.39030e+05   -4.37670e+05    3.00563e+02
 Pres. DC (bar) Pressure (bar)   Constr. rmsd
   -2.24634e+02   -1.35083e+02    2.45438e-06


DD  step 169999  vol min/aver 0.685  load imb.: force  3.8%  pme mesh/force 1.690
           Step           Time
         170000      340.00000

   Energies (kJ/mol)
           Bond          Angle    Proper Dih. Ryckaert-Bell.          LJ-14
    1.48942e+03    3.73284e+03    2.64943e+02    1.75706e+03    2.67199e+03
     Coulomb-14        LJ (SR)  Disper. corr.   Coulomb (SR)   Coul. recip.
    7.84631e+03    9.35299e+04   -4.57607e+03   -6.35177e+05    2.91739e+03
      Potential    Kinetic En.   Total Energy  Conserved En.    Temperature
   -5.25544e+05    8.65194e+04   -4.39024e+05   -4.37609e+05    3.02682e+02
 Pres. DC (bar) Pressure (bar)   Constr. rmsd
   -2.27134e+02    1.02163e+02    2.81264e-06


DD  step 174999  vol min/aver 0.735  load imb.: force  8.8%  pme mesh/force 0.992
           Step           Time
         175000      350.00000

   Energies (kJ/mol)
           Bond          Angle    Proper Dih. Ryckaert-Bell.          LJ-14
    1.46219e+03    3.75562e+03    2.43908e+02    1.76005e+03    2.72447e+03
     Coulomb-14        LJ (SR)  Disper. corr.   Coulomb (SR)   Coul. recip.
    7.85081e+03    9.42725e+04   -4.57424e+03   -6.36395e+05    2.99520e+03
      Potential    Kinetic En.   Total Energy  Conserved En.    Temperature
   -5.25904e+05    8.58989e+04   -4.40005e+05   -4.37561e+05    3.00511e+02
 Pres. DC (bar) Pressure (bar)   Constr. rmsd
   -2.26952e+02    4.12066e+01    3.00572e-06


DD  step 179999  vol min/aver 0.698  load imb.: force  3.3%  pme mesh/force 0.975
           Step           Time
         180000      360.00000

   Energies (kJ/mol)
           Bond          Angle    Proper Dih. Ryckaert-Bell.          LJ-14
    1.47620e+03    3.57383e+03    2.58406e+02    1.72656e+03    2.69177e+03
     Coulomb-14        LJ (SR)  Disper. corr.   Coulomb (SR)   Coul. recip.
    7.76243e+03    9.41004e+04   -4.56513e+03   -6.35306e+05    3.01238e+03
      Potential    Kinetic En.   Total Energy  Conserved En.    Temperature
   -5.25269e+05    8.55767e+04   -4.39692e+05   -4.37500e+05    2.99384e+02
 Pres. DC (bar) Pressure (bar)   Constr. rmsd
   -2.26051e+02    6.36123e+01    3.04466e-06


DD  step 184999  vol min/aver 0.689  load imb.: force  4.6%  pme mesh/force 0.963
           Step           Time
         185000      370.00000

   Energies (kJ/mol)
           Bond          Angle    Proper Dih. Ryckaert-Bell.          LJ-14
    1.52013e+03    3.83897e+03    2.62386e+02    1.78125e+03    2.64967e+03
     Coulomb-14        LJ (SR)  Disper. corr.   Coulomb (SR)   Coul. recip.
    7.74808e+03    9.35869e+04   -4.56494e+03   -6.34878e+05    2.90244e+03
      Potential    Kinetic En.   Total Energy  Conserved En.    Temperature
   -5.25153e+05    8.53930e+04   -4.39760e+05   -4.37428e+05    2.98741e+02
 Pres. DC (bar) Pressure (bar)   Constr. rmsd
   -2.26031e+02   -4.29341e+00    2.89733e-06


DD  step 189999  vol min/aver 0.679  load imb.: force  2.8%  pme mesh/force 0.982
           Step           Time
         190000      380.00000

   Energies (kJ/mol)
           Bond          Angle    Proper Dih. Ryckaert-Bell.          LJ-14
    1.48088e+03    3.82977e+03    2.87221e+02    1.77033e+03    2.69892e+03
     Coulomb-14        LJ (SR)  Disper. corr.   Coulomb (SR)   Coul. recip.
    7.82498e+03    9.28488e+04   -4.54109e+03   -6.33497e+05    2.96932e+03
      Potential    Kinetic En.   Total Energy  Conserved En.    Temperature
   -5.24328e+05    8.53037e+04   -4.39024e+05   -4.37375e+05    2.98429e+02
 Pres. DC (bar) Pressure (bar)   Constr. rmsd
   -2.23679e+02   -6.57383e+01    3.07670e-06


DD  step 194999  vol min/aver 0.707  load imb.: force  4.7%  pme mesh/force 0.974
           Step           Time
         195000      390.00000

   Energies (kJ/mol)
           Bond          Angle    Proper Dih. Ryckaert-Bell.          LJ-14
    1.43398e+03    3.88217e+03    2.45020e+02    1.72801e+03    2.60250e+03
     Coulomb-14        LJ (SR)  Disper. corr.   Coulomb (SR)   Coul. recip.
    7.70733e+03    9.30097e+04   -4.56728e+03   -6.33668e+05    2.95743e+03
      Potential    Kinetic En.   Total Energy  Conserved En.    Temperature
   -5.24669e+05    8.58911e+04   -4.38778e+05   -4.37302e+05    3.00484e+02
 Pres. DC (bar) Pressure (bar)   Constr. rmsd
   -2.26263e+02   -5.56018e+01    2.87420e-06


DD  step 199999  vol min/aver 0.680  load imb.: force  3.5%  pme mesh/force 0.995
           Step           Time
         200000      400.00000

   Energies (kJ/mol)
           Bond          Angle    Proper Dih. Ryckaert-Bell.          LJ-14
    1.35495e+03    3.83493e+03    2.79534e+02    1.75432e+03    2.66091e+03
     Coulomb-14        LJ (SR)  Disper. corr.   Coulomb (SR)   Coul. recip.
    7.67724e+03    9.32703e+04   -4.55909e+03   -6.33402e+05    2.88234e+03
      Potential    Kinetic En.   Total Energy  Conserved En.    Temperature
   -5.24247e+05    8.56787e+04   -4.38568e+05   -4.37271e+05    2.99740e+02
 Pres. DC (bar) Pressure (bar)   Constr. rmsd
   -2.25453e+02   -7.56854e+00    2.63543e-06


DD  step 204999  vol min/aver 0.679  load imb.: force  3.0%  pme mesh/force 0.975
           Step           Time
         205000      410.00000

   Energies (kJ/mol)
           Bond          Angle    Proper Dih. Ryckaert-Bell.          LJ-14
    1.49692e+03    3.70122e+03    2.42648e+02    1.77628e+03    2.67211e+03
     Coulomb-14        LJ (SR)  Disper. corr.   Coulomb (SR)   Coul. recip.
    7.76802e+03    9.34369e+04   -4.58636e+03   -6.34703e+05    2.82839e+03
      Potential    Kinetic En.   Total Energy  Conserved En.    Temperature
   -5.25367e+05    8.52598e+04   -4.40107e+05   -4.37187e+05    2.98275e+02
 Pres. DC (bar) Pressure (bar)   Constr. rmsd
   -2.28155e+02    1.10972e+01    2.62690e-06


DD  step 209999  vol min/aver 0.675  load imb.: force  2.4%  pme mesh/force 0.972
           Step           Time
         210000      420.00000

   Energies (kJ/mol)
           Bond          Angle    Proper Dih. Ryckaert-Bell.          LJ-14
    1.49247e+03    3.78054e+03    2.60815e+02    1.84010e+03    2.68014e+03
     Coulomb-14        LJ (SR)  Disper. corr.   Coulomb (SR)   Coul. recip.
    7.84206e+03    9.44966e+04   -4.56272e+03   -6.36989e+05    2.90529e+03
      Potential    Kinetic En.   Total Energy  Conserved En.    Temperature
   -5.26254e+05    8.63376e+04   -4.39916e+05   -4.37136e+05    3.02046e+02
 Pres. DC (bar) Pressure (bar)   Constr. rmsd
   -2.25812e+02    1.01330e+02    2.96332e-06


DD  step 214999  vol min/aver 0.669  load imb.: force  3.6%  pme mesh/force 0.989
           Step           Time
         215000      430.00000

   Energies (kJ/mol)
           Bond          Angle    Proper Dih. Ryckaert-Bell.          LJ-14
    1.50353e+03    3.71422e+03    2.30700e+02    1.77843e+03    2.69332e+03
     Coulomb-14        LJ (SR)  Disper. corr.   Coulomb (SR)   Coul. recip.
    7.72813e+03    9.30617e+04   -4.56934e+03   -6.33874e+05    2.94149e+03
      Potential    Kinetic En.   Total Energy  Conserved En.    Temperature
   -5.24791e+05    8.55998e+04   -4.39192e+05   -4.37084e+05    2.99465e+02
 Pres. DC (bar) Pressure (bar)   Constr. rmsd
   -2.26466e+02   -1.97460e+01    2.63052e-06


DD  step 219999  vol min/aver 0.649  load imb.: force  2.6%  pme mesh/force 0.977
           Step           Time
         220000      440.00000

   Energies (kJ/mol)
           Bond          Angle    Proper Dih. Ryckaert-Bell.          LJ-14
    1.45428e+03    3.82060e+03    2.45660e+02    1.76843e+03    2.55561e+03
     Coulomb-14        LJ (SR)  Disper. corr.   Coulomb (SR)   Coul. recip.
    7.80308e+03    9.34184e+04   -4.54388e+03   -6.34293e+05    2.89257e+03
      Potential    Kinetic En.   Total Energy  Conserved En.    Temperature
   -5.24879e+05    8.56732e+04   -4.39205e+05   -4.37056e+05    2.99721e+02
 Pres. DC (bar) Pressure (bar)   Constr. rmsd
   -2.23953e+02   -2.22441e+02    2.72129e-06


DD  step 224999  vol min/aver 0.675  load imb.: force  3.3%  pme mesh/force 0.976
           Step           Time
         225000      450.00000

   Energies (kJ/mol)
           Bond          Angle    Proper Dih. Ryckaert-Bell.          LJ-14
    1.37843e+03    3.76639e+03    2.69278e+02    1.69631e+03    2.66926e+03
     Coulomb-14        LJ (SR)  Disper. corr.   Coulomb (SR)   Coul. recip.
    7.80229e+03    9.23064e+04   -4.56891e+03   -6.32674e+05    2.88632e+03
      Potential    Kinetic En.   Total Energy  Conserved En.    Temperature
   -5.24468e+05    8.54785e+04   -4.38990e+05   -4.36979e+05    2.99040e+02
 Pres. DC (bar) Pressure (bar)   Constr. rmsd
   -2.26425e+02   -1.35025e+02    2.69704e-06


DD  step 229999  vol min/aver 0.672  load imb.: force  3.3%  pme mesh/force 0.982
           Step           Time
         230000      460.00000

   Energies (kJ/mol)
           Bond          Angle    Proper Dih. Ryckaert-Bell.          LJ-14
    1.43436e+03    3.76288e+03    2.58002e+02    1.72717e+03    2.63873e+03
     Coulomb-14        LJ (SR)  Disper. corr.   Coulomb (SR)   Coul. recip.
    7.76449e+03    9.36213e+04   -4.55835e+03   -6.33875e+05    2.97998e+03
      Potential    Kinetic En.   Total Energy  Conserved En.    Temperature
   -5.24247e+05    8.53620e+04   -4.38885e+05   -4.36923e+05    2.98633e+02
 Pres. DC (bar) Pressure (bar)   Constr. rmsd
   -2.25380e+02    1.10836e+02    2.41361e-06


DD  step 234999  vol min/aver 0.653  load imb.: force  4.1%  pme mesh/force 0.982
           Step           Time
         235000      470.00000

   Energies (kJ/mol)
           Bond          Angle    Proper Dih. Ryckaert-Bell.          LJ-14
    1.41870e+03    3.59590e+03    2.44789e+02    1.76550e+03    2.62658e+03
     Coulomb-14        LJ (SR)  Disper. corr.   Coulomb (SR)   Coul. recip.
    7.81527e+03    9.21269e+04   -4.56533e+03   -6.33795e+05    2.91859e+03
      Potential    Kinetic En.   Total Energy  Conserved En.    Temperature
   -5.25848e+05    8.52712e+04   -4.40576e+05   -4.36873e+05    2.98315e+02
 Pres. DC (bar) Pressure (bar)   Constr. rmsd
   -2.26070e+02   -2.89252e+02    3.18126e-06


DD  step 239999  vol min/aver 0.674  load imb.: force  2.9%  pme mesh/force 0.985
           Step           Time
         240000      480.00000

   Energies (kJ/mol)
           Bond          Angle    Proper Dih. Ryckaert-Bell.          LJ-14
    1.43689e+03    3.72972e+03    2.24249e+02    1.83749e+03    2.61029e+03
     Coulomb-14        LJ (SR)  Disper. corr.   Coulomb (SR)   Coul. recip.
    7.87504e+03    9.42948e+04   -4.56688e+03   -6.34650e+05    2.90696e+03
      Potential    Kinetic En.   Total Energy  Conserved En.    Temperature
   -5.24301e+05    8.54375e+04   -4.38864e+05   -4.36792e+05    2.98897e+02
 Pres. DC (bar) Pressure (bar)   Constr. rmsd
   -2.26224e+02    8.59048e+01    3.10588e-06


DD  step 244999  vol min/aver 0.657  load imb.: force  3.1%  pme mesh/force 0.969
           Step           Time
         245000      490.00000

   Energies (kJ/mol)
           Bond          Angle    Proper Dih. Ryckaert-Bell.          LJ-14
    1.53350e+03    3.71397e+03    2.40470e+02    1.77036e+03    2.72342e+03
     Coulomb-14        LJ (SR)  Disper. corr.   Coulomb (SR)   Coul. recip.
    7.75707e+03    9.27415e+04   -4.54737e+03   -6.32660e+05    2.92888e+03
      Potential    Kinetic En.   Total Energy  Conserved En.    Temperature
   -5.23798e+05    8.53220e+04   -4.38476e+05   -4.36742e+05    2.98493e+02
 Pres. DC (bar) Pressure (bar)   Constr. rmsd
   -2.24297e+02   -9.40800e+01    3.07326e-06


DD  step 249999  vol min/aver 0.657  load imb.: force  4.2%  pme mesh/force 1.005
           Step           Time
         250000      500.00000

   Energies (kJ/mol)
           Bond          Angle    Proper Dih. Ryckaert-Bell.          LJ-14
    1.55721e+03    3.72762e+03    2.47329e+02    1.73328e+03    2.68120e+03
     Coulomb-14        LJ (SR)  Disper. corr.   Coulomb (SR)   Coul. recip.
    7.83689e+03    9.38041e+04   -4.54287e+03   -6.35292e+05    2.86823e+03
      Potential    Kinetic En.   Total Energy  Conserved En.    Temperature
   -5.25379e+05    8.62537e+04   -4.39126e+05   -4.36691e+05    3.01752e+02
 Pres. DC (bar) Pressure (bar)   Constr. rmsd
   -2.23854e+02   -1.00109e+02    3.09408e-06


DD  step 254999  vol min/aver 0.690  load imb.: force  3.5%  pme mesh/force 0.999
           Step           Time
         255000      510.00000

   Energies (kJ/mol)
           Bond          Angle    Proper Dih. Ryckaert-Bell.          LJ-14
    1.58444e+03    3.69029e+03    2.77122e+02    1.82083e+03    2.57512e+03
     Coulomb-14        LJ (SR)  Disper. corr.   Coulomb (SR)   Coul. recip.
    7.74058e+03    9.38124e+04   -4.55338e+03   -6.35212e+05    2.96986e+03
      Potential    Kinetic En.   Total Energy  Conserved En.    Temperature
   -5.25294e+05    8.61731e+04   -4.39121e+05   -4.36636e+05    3.01470e+02
 Pres. DC (bar) Pressure (bar)   Constr. rmsd
   -2.24889e+02   -1.56052e+02    2.92392e-06


DD  step 259999  vol min/aver 0.686  load imb.: force  2.3%  pme mesh/force 0.982
           Step           Time
         260000      520.00000

   Energies (kJ/mol)
           Bond          Angle    Proper Dih. Ryckaert-Bell.          LJ-14
    1.47520e+03    3.89780e+03    2.67741e+02    1.75226e+03    2.62874e+03
     Coulomb-14        LJ (SR)  Disper. corr.   Coulomb (SR)   Coul. recip.
    7.81346e+03    9.43635e+04   -4.54644e+03   -6.35790e+05    2.95446e+03
      Potential    Kinetic En.   Total Energy  Conserved En.    Temperature
   -5.25184e+05    8.65660e+04   -4.38618e+05   -4.36585e+05    3.02845e+02
 Pres. DC (bar) Pressure (bar)   Constr. rmsd
   -2.24205e+02    5.37183e+00    2.72703e-06


DD  step 264999  vol min/aver 0.680  load imb.: force  3.2%  pme mesh/force 0.990
           Step           Time
         265000      530.00000

   Energies (kJ/mol)
           Bond          Angle    Proper Dih. Ryckaert-Bell.          LJ-14
    1.51490e+03    3.77665e+03    2.24746e+02    1.76783e+03    2.64080e+03
     Coulomb-14        LJ (SR)  Disper. corr.   Coulomb (SR)   Coul. recip.
    7.94203e+03    9.17176e+04   -4.54701e+03   -6.32651e+05    3.03091e+03
      Potential    Kinetic En.   Total Energy  Conserved En.    Temperature
   -5.24583e+05    8.51530e+04   -4.39430e+05   -4.36523e+05    2.97901e+02
 Pres. DC (bar) Pressure (bar)   Constr. rmsd
   -2.24262e+02   -3.68834e+02    2.86494e-06


DD  step 269999  vol min/aver 0.644  load imb.: force  2.2%  pme mesh/force 0.990
           Step           Time
         270000      540.00000

   Energies (kJ/mol)
           Bond          Angle    Proper Dih. Ryckaert-Bell.          LJ-14
    1.44738e+03    3.63919e+03    2.27571e+02    1.75970e+03    2.67471e+03
     Coulomb-14        LJ (SR)  Disper. corr.   Coulomb (SR)   Coul. recip.
    7.84831e+03    9.34203e+04   -4.54769e+03   -6.34324e+05    2.91050e+03
      Potential    Kinetic En.   Total Energy  Conserved En.    Temperature
   -5.24944e+05    8.52451e+04   -4.39699e+05   -4.36484e+05    2.98224e+02
 Pres. DC (bar) Pressure (bar)   Constr. rmsd
   -2.24329e+02    4.55754e+00    2.87896e-06


DD  step 274999  vol min/aver 0.641  load imb.: force  3.3%  pme mesh/force 0.998
           Step           Time
         275000      550.00000

   Energies (kJ/mol)
           Bond          Angle    Proper Dih. Ryckaert-Bell.          LJ-14
    1.53166e+03    3.71049e+03    2.49770e+02    1.85492e+03    2.68955e+03
     Coulomb-14        LJ (SR)  Disper. corr.   Coulomb (SR)   Coul. recip.
    7.83337e+03    9.40197e+04   -4.56318e+03   -6.35735e+05    2.75152e+03
      Potential    Kinetic En.   Total Energy  Conserved En.    Temperature
   -5.25657e+05    8.52433e+04   -4.40414e+05   -4.36408e+05    2.98217e+02
 Pres. DC (bar) Pressure (bar)   Constr. rmsd
   -2.25857e+02   -5.79976e+01    2.82673e-06


DD  step 279999  vol min/aver 0.663  load imb.: force  3.3%  pme mesh/force 0.985
           Step           Time
         280000      560.00000

   Energies (kJ/mol)
           Bond          Angle    Proper Dih. Ryckaert-Bell.          LJ-14
    1.57234e+03    3.90940e+03    2.47374e+02    1.83810e+03    2.62297e+03
     Coulomb-14        LJ (SR)  Disper. corr.   Coulomb (SR)   Coul. recip.
    7.85918e+03    9.50509e+04   -4.57125e+03   -6.36660e+05    2.90385e+03
      Potential    Kinetic En.   Total Energy  Conserved En.    Temperature
   -5.25227e+05    8.62675e+04   -4.38959e+05   -4.36366e+05    3.01800e+02
 Pres. DC (bar) Pressure (bar)   Constr. rmsd
   -2.26656e+02    2.60801e+02    3.05259e-06


DD  step 284999  vol min/aver 0.667  load imb.: force  3.6%  pme mesh/force 0.993
           Step           Time
         285000      570.00000

   Energies (kJ/mol)
           Bond          Angle    Proper Dih. Ryckaert-Bell.          LJ-14
    1.49467e+03    3.72377e+03    2.32158e+02    1.86316e+03    2.74342e+03
     Coulomb-14        LJ (SR)  Disper. corr.   Coulomb (SR)   Coul. recip.
    7.83578e+03    9.31039e+04   -4.57507e+03   -6.34392e+05    2.93329e+03
      Potential    Kinetic En.   Total Energy  Conserved En.    Temperature
   -5.25037e+05    8.59581e+04   -4.39079e+05   -4.36331e+05    3.00718e+02
 Pres. DC (bar) Pressure (bar)   Constr. rmsd
   -2.27035e+02    2.86474e+01    3.07129e-06


DD  step 289999  vol min/aver 0.653  load imb.: force  2.3%  pme mesh/force 0.986
           Step           Time
         290000      580.00000

   Energies (kJ/mol)
           Bond          Angle    Proper Dih. Ryckaert-Bell.          LJ-14
    1.43165e+03    3.95230e+03    2.15721e+02    1.71016e+03    2.69940e+03
     Coulomb-14        LJ (SR)  Disper. corr.   Coulomb (SR)   Coul. recip.
    7.79992e+03    9.40466e+04   -4.55530e+03   -6.35069e+05    2.95814e+03
      Potential    Kinetic En.   Total Energy  Conserved En.    Temperature
   -5.24810e+05    8.50916e+04   -4.39718e+05   -4.36245e+05    2.97686e+02
 Pres. DC (bar) Pressure (bar)   Constr. rmsd
   -2.25079e+02    1.76981e+02    2.92364e-06


DD  step 294999  vol min/aver 0.670  load imb.: force  3.7%  pme mesh/force 0.975
           Step           Time
         295000      590.00000

   Energies (kJ/mol)
           Bond          Angle    Proper Dih. Ryckaert-Bell.          LJ-14
    1.48627e+03    3.87590e+03    2.62336e+02    1.74045e+03    2.74722e+03
     Coulomb-14        LJ (SR)  Disper. corr.   Coulomb (SR)   Coul. recip.
    7.81970e+03    9.41244e+04   -4.55553e+03   -6.34827e+05    2.96925e+03
      Potential    Kinetic En.   Total Energy  Conserved En.    Temperature
   -5.24357e+05    8.57497e+04   -4.38607e+05   -4.36194e+05    2.99989e+02
 Pres. DC (bar) Pressure (bar)   Constr. rmsd
   -2.25102e+02    2.64741e+02    2.65648e-06


DD  step 299999  vol min/aver 0.633  load imb.: force  4.4%  pme mesh/force 1.013
           Step           Time
         300000      600.00000

   Energies (kJ/mol)
           Bond          Angle    Proper Dih. Ryckaert-Bell.          LJ-14
    1.45722e+03    3.94849e+03    2.47486e+02    1.77115e+03    2.63600e+03
     Coulomb-14        LJ (SR)  Disper. corr.   Coulomb (SR)   Coul. recip.
    7.72817e+03    9.22193e+04   -4.52907e+03   -6.33610e+05    2.99624e+03
      Potential    Kinetic En.   Total Energy  Conserved En.    Temperature
   -5.25135e+05    8.60603e+04   -4.39074e+05   -4.36168e+05    3.01075e+02
 Pres. DC (bar) Pressure (bar)   Constr. rmsd
   -2.22497e+02   -4.45539e+02    2.92409e-06


DD  step 304999  vol min/aver 0.689  load imb.: force  3.4%  pme mesh/force 0.976
           Step           Time
         305000      610.00000

   Energies (kJ/mol)
           Bond          Angle    Proper Dih. Ryckaert-Bell.          LJ-14
    1.48210e+03    3.76901e+03    2.71580e+02    1.87198e+03    2.68717e+03
     Coulomb-14        LJ (SR)  Disper. corr.   Coulomb (SR)   Coul. recip.
    7.89893e+03    9.35671e+04   -4.55201e+03   -6.34481e+05    2.88398e+03
      Potential    Kinetic En.   Total Energy  Conserved En.    Temperature
   -5.24601e+05    8.64899e+04   -4.38111e+05   -4.36108e+05    3.02578e+02
 Pres. DC (bar) Pressure (bar)   Constr. rmsd
   -2.24754e+02    4.01496e+01    2.59770e-06


DD  step 309999  vol min/aver 0.683  load imb.: force  3.4%  pme mesh/force 0.965
           Step           Time
         310000      620.00000

   Energies (kJ/mol)
           Bond          Angle    Proper Dih. Ryckaert-Bell.          LJ-14
    1.46920e+03    3.84153e+03    2.38607e+02    1.69580e+03    2.69825e+03
     Coulomb-14        LJ (SR)  Disper. corr.   Coulomb (SR)   Coul. recip.
    7.74763e+03    9.26824e+04   -4.57653e+03   -6.33614e+05    2.89945e+03
      Potential    Kinetic En.   Total Energy  Conserved En.    Temperature
   -5.24918e+05    8.61457e+04   -4.38772e+05   -4.36046e+05    3.01374e+02
 Pres. DC (bar) Pressure (bar)   Constr. rmsd
   -2.27179e+02   -1.23020e+02    2.78960e-06


DD  step 314999  vol min/aver 0.643  load imb.: force  3.7%  pme mesh/force 0.983
           Step           Time
         315000      630.00000

   Energies (kJ/mol)
           Bond          Angle    Proper Dih. Ryckaert-Bell.          LJ-14
    1.50090e+03    3.79517e+03    2.29318e+02    1.77543e+03    2.63047e+03
     Coulomb-14        LJ (SR)  Disper. corr.   Coulomb (SR)   Coul. recip.
    7.84627e+03    9.21136e+04   -4.54731e+03   -6.33024e+05    2.93440e+03
      Potential    Kinetic En.   Total Energy  Conserved En.    Temperature
   -5.24746e+05    8.53232e+04   -4.39422e+05   -4.35993e+05    2.98497e+02
 Pres. DC (bar) Pressure (bar)   Constr. rmsd
   -2.24291e+02   -3.09045e+02    2.81426e-06


DD  step 319999  vol min/aver 0.654  load imb.: force  3.3%  pme mesh/force 0.981
           Step           Time
         320000      640.00000

   Energies (kJ/mol)
           Bond          Angle    Proper Dih. Ryckaert-Bell.          LJ-14
    1.43135e+03    3.83509e+03    2.83704e+02    1.83201e+03    2.68294e+03
     Coulomb-14        LJ (SR)  Disper. corr.   Coulomb (SR)   Coul. recip.
    7.66352e+03    9.43605e+04   -4.56109e+03   -6.33685e+05    3.03036e+03
      Potential    Kinetic En.   Total Energy  Conserved En.    Temperature
   -5.23127e+05    8.57272e+04   -4.37399e+05   -4.35927e+05    2.99910e+02
 Pres. DC (bar) Pressure (bar)   Constr. rmsd
   -2.25651e+02    2.62758e+02    2.94780e-06


DD  step 324999  vol min/aver 0.662  load imb.: force  3.8%  pme mesh/force 0.982
           Step           Time
         325000      650.00000

   Energies (kJ/mol)
           Bond          Angle    Proper Dih. Ryckaert-Bell.          LJ-14
    1.60408e+03    3.63642e+03    2.22462e+02    1.72390e+03    2.60199e+03
     Coulomb-14        LJ (SR)  Disper. corr.   Coulomb (SR)   Coul. recip.
    7.68961e+03    9.29240e+04   -4.54573e+03   -6.33587e+05    2.87468e+03
      Potential    Kinetic En.   Total Energy  Conserved En.    Temperature
   -5.24855e+05    8.59260e+04   -4.38929e+05   -4.35888e+05    3.00606e+02
 Pres. DC (bar) Pressure (bar)   Constr. rmsd
   -2.24135e+02   -2.65055e+02    3.08381e-06


DD  step 329999  vol min/aver 0.671  load imb.: force  3.5%  pme mesh/force 0.977
           Step           Time
         330000      660.00000

   Energies (kJ/mol)
           Bond          Angle    Proper Dih. Ryckaert-Bell.          LJ-14
    1.49919e+03    3.79749e+03    2.66235e+02    1.75169e+03    2.67247e+03
     Coulomb-14        LJ (SR)  Disper. corr.   Coulomb (SR)   Coul. recip.
    7.74650e+03    9.35098e+04   -4.58186e+03   -6.34069e+05    3.01959e+03
      Potential    Kinetic En.   Total Energy  Conserved En.    Temperature
   -5.24388e+05    8.55144e+04   -4.38874e+05   -4.35786e+05    2.99166e+02
 Pres. DC (bar) Pressure (bar)   Constr. rmsd
   -2.27708e+02    1.00254e+02    3.08845e-06


DD  step 334999  vol min/aver 0.658  load imb.: force  4.6%  pme mesh/force 0.982
           Step           Time
         335000      670.00000

   Energies (kJ/mol)
           Bond          Angle    Proper Dih. Ryckaert-Bell.          LJ-14
    1.49868e+03    3.72170e+03    2.48484e+02    1.79209e+03    2.64977e+03
     Coulomb-14        LJ (SR)  Disper. corr.   Coulomb (SR)   Coul. recip.
    7.73721e+03    9.28024e+04   -4.54114e+03   -6.33672e+05    2.98274e+03
      Potential    Kinetic En.   Total Energy  Conserved En.    Temperature
   -5.24780e+05    8.58434e+04   -4.38936e+05   -4.35756e+05    3.00317e+02
 Pres. DC (bar) Pressure (bar)   Constr. rmsd
   -2.23684e+02   -1.73723e+02    3.88606e-06


DD  step 339999  vol min/aver 0.643  load imb.: force  3.7%  pme mesh/force 0.981
           Step           Time
         340000      680.00000

   Energies (kJ/mol)
           Bond          Angle    Proper Dih. Ryckaert-Bell.          LJ-14
    1.65228e+03    3.86023e+03    2.41793e+02    1.71428e+03    2.57917e+03
     Coulomb-14        LJ (SR)  Disper. corr.   Coulomb (SR)   Coul. recip.
    7.77715e+03    9.38870e+04   -4.55092e+03   -6.34571e+05    2.90531e+03
      Potential    Kinetic En.   Total Energy  Conserved En.    Temperature
   -5.24505e+05    8.58771e+04   -4.38628e+05   -4.35690e+05    3.00434e+02
 Pres. DC (bar) Pressure (bar)   Constr. rmsd
   -2.24646e+02   -1.84155e+01    2.73883e-06


DD  step 344999  vol min/aver 0.655  load imb.: force  4.1%  pme mesh/force 0.997
           Step           Time
         345000      690.00000

   Energies (kJ/mol)
           Bond          Angle    Proper Dih. Ryckaert-Bell.          LJ-14
    1.44274e+03    3.84484e+03    2.35745e+02    1.74508e+03    2.58449e+03
     Coulomb-14        LJ (SR)  Disper. corr.   Coulomb (SR)   Coul. recip.
    7.68053e+03    9.41157e+04   -4.54742e+03   -6.36033e+05    2.87704e+03
      Potential    Kinetic En.   Total Energy  Conserved En.    Temperature
   -5.26054e+05    8.55199e+04   -4.40534e+05   -4.35635e+05    2.99185e+02
 Pres. DC (bar) Pressure (bar)   Constr. rmsd
   -2.24301e+02   -1.77440e+01    3.09522e-06


DD  step 349999  vol min/aver 0.664  load imb.: force  3.5%  pme mesh/force 0.994
           Step           Time
         350000      700.00000

   Energies (kJ/mol)
           Bond          Angle    Proper Dih. Ryckaert-Bell.          LJ-14
    1.43614e+03    3.76718e+03    2.21543e+02    1.72277e+03    2.69540e+03
     Coulomb-14        LJ (SR)  Disper. corr.   Coulomb (SR)   Coul. recip.
    7.89258e+03    9.40622e+04   -4.55007e+03   -6.34948e+05    2.89770e+03
      Potential    Kinetic En.   Total Energy  Conserved En.    Temperature
   -5.24802e+05    8.52862e+04   -4.39516e+05   -4.35581e+05    2.98367e+02
 Pres. DC (bar) Pressure (bar)   Constr. rmsd
   -2.24563e+02   -6.94931e-01    2.90081e-06


DD  step 354999  vol min/aver 0.620  load imb.: force  5.1%  pme mesh/force 0.991
           Step           Time
         355000      710.00000

   Energies (kJ/mol)
           Bond          Angle    Proper Dih. Ryckaert-Bell.          LJ-14
    1.56034e+03    3.77034e+03    2.50707e+02    1.68054e+03    2.55301e+03
     Coulomb-14        LJ (SR)  Disper. corr.   Coulomb (SR)   Coul. recip.
    7.76564e+03    9.38156e+04   -4.55548e+03   -6.35961e+05    2.82752e+03
      Potential    Kinetic En.   Total Energy  Conserved En.    Temperature
   -5.26293e+05    8.45790e+04   -4.41714e+05   -4.35506e+05    2.95893e+02
 Pres. DC (bar) Pressure (bar)   Constr. rmsd
   -2.25096e+02   -2.25545e+02    2.62529e-06


DD  step 359999  vol min/aver 0.632  load imb.: force  2.9%  pme mesh/force 0.976
           Step           Time
         360000      720.00000

   Energies (kJ/mol)
           Bond          Angle    Proper Dih. Ryckaert-Bell.          LJ-14
    1.49293e+03    3.93327e+03    2.92256e+02    1.80436e+03    2.62174e+03
     Coulomb-14        LJ (SR)  Disper. corr.   Coulomb (SR)   Coul. recip.
    7.77047e+03    9.30997e+04   -4.54877e+03   -6.33295e+05    2.82901e+03
      Potential    Kinetic En.   Total Energy  Conserved En.    Temperature
   -5.24000e+05    8.69622e+04   -4.37037e+05   -4.35477e+05    3.04231e+02
 Pres. DC (bar) Pressure (bar)   Constr. rmsd
   -2.24435e+02   -1.10131e+02    2.84364e-06


DD  step 364999  vol min/aver 0.698  load imb.: force 55.2%  pme mesh/force 0.914

step 365000 Turning off dynamic load balancing, because it is degrading performance.
Atom distribution over 36 domains: av 941 stddev 22 min 903 max 1010
           Step           Time
         365000      730.00000

   Energies (kJ/mol)
           Bond          Angle    Proper Dih. Ryckaert-Bell.          LJ-14
    1.39724e+03    3.68912e+03    2.50181e+02    1.71309e+03    2.73720e+03
     Coulomb-14        LJ (SR)  Disper. corr.   Coulomb (SR)   Coul. recip.
    7.75364e+03    9.28644e+04   -4.54504e+03   -6.34000e+05    2.95584e+03
      Potential    Kinetic En.   Total Energy  Conserved En.    Temperature
   -5.25184e+05    8.64018e+04   -4.38782e+05   -4.35431e+05    3.02270e+02
 Pres. DC (bar) Pressure (bar)   Constr. rmsd
   -2.24067e+02   -6.24786e+01    3.00696e-06


DD  step 369999 load imb.: force 13.9%  pme mesh/force 0.928
           Step           Time
         370000      740.00000

   Energies (kJ/mol)
           Bond          Angle    Proper Dih. Ryckaert-Bell.          LJ-14
    1.37035e+03    3.89912e+03    2.58310e+02    1.80756e+03    2.65105e+03
     Coulomb-14        LJ (SR)  Disper. corr.   Coulomb (SR)   Coul. recip.
    7.71128e+03    9.41837e+04   -4.56264e+03   -6.33989e+05    2.85108e+03
      Potential    Kinetic En.   Total Energy  Conserved En.    Temperature
   -5.23819e+05    8.55340e+04   -4.38285e+05   -4.35367e+05    2.99234e+02
 Pres. DC (bar) Pressure (bar)   Constr. rmsd
   -2.25803e+02    2.78880e+02    2.93742e-06


DD  step 374999 load imb.: force 14.4%  pme mesh/force 0.934

step 375000 Turning on dynamic load balancing, because the performance loss due to load imbalance is 3.3 %.
           Step           Time
         375000      750.00000

   Energies (kJ/mol)
           Bond          Angle    Proper Dih. Ryckaert-Bell.          LJ-14
    1.44554e+03    3.84707e+03    2.74576e+02    1.79101e+03    2.67664e+03
     Coulomb-14        LJ (SR)  Disper. corr.   Coulomb (SR)   Coul. recip.
    7.81216e+03    9.30132e+04   -4.55968e+03   -6.34339e+05    2.89866e+03
      Potential    Kinetic En.   Total Energy  Conserved En.    Temperature
   -5.25140e+05    8.69122e+04   -4.38228e+05   -4.35307e+05    3.04056e+02
 Pres. DC (bar) Pressure (bar)   Constr. rmsd
   -2.25512e+02   -6.79318e+01    3.14617e-06


DD  step 379999  vol min/aver 0.688  load imb.: force  2.8%  pme mesh/force 0.995
           Step           Time
         380000      760.00000

   Energies (kJ/mol)
           Bond          Angle    Proper Dih. Ryckaert-Bell.          LJ-14
    1.53681e+03    3.81514e+03    2.52851e+02    1.81008e+03    2.63335e+03
     Coulomb-14        LJ (SR)  Disper. corr.   Coulomb (SR)   Coul. recip.
    7.85971e+03    9.37155e+04   -4.58168e+03   -6.34228e+05    2.97916e+03
      Potential    Kinetic En.   Total Energy  Conserved En.    Temperature
   -5.24207e+05    8.62687e+04   -4.37939e+05   -4.35213e+05    3.01804e+02
 Pres. DC (bar) Pressure (bar)   Constr. rmsd
   -2.27690e+02    8.25970e+01    2.86171e-06


DD  step 384999  vol min/aver 0.681  load imb.: force  3.2%  pme mesh/force 0.975
           Step           Time
         385000      770.00000

   Energies (kJ/mol)
           Bond          Angle    Proper Dih. Ryckaert-Bell.          LJ-14
    1.37443e+03    3.77067e+03    2.57757e+02    1.79927e+03    2.68078e+03
     Coulomb-14        LJ (SR)  Disper. corr.   Coulomb (SR)   Coul. recip.
    7.74955e+03    9.51967e+04   -4.55577e+03   -6.36281e+05    2.89956e+03
      Potential    Kinetic En.   Total Energy  Conserved En.    Temperature
   -5.25108e+05    8.50351e+04   -4.40073e+05   -4.35166e+05    2.97489e+02
 Pres. DC (bar) Pressure (bar)   Constr. rmsd
   -2.25125e+02    4.13943e+02    2.86836e-06


DD  step 389999  vol min/aver 0.672  load imb.: force  3.4%  pme mesh/force 0.978
           Step           Time
         390000      780.00000

   Energies (kJ/mol)
           Bond          Angle    Proper Dih. Ryckaert-Bell.          LJ-14
    1.52968e+03    3.78803e+03    2.73297e+02    1.78925e+03    2.73522e+03
     Coulomb-14        LJ (SR)  Disper. corr.   Coulomb (SR)   Coul. recip.
    7.82776e+03    9.49900e+04   -4.55950e+03   -6.36893e+05    2.92523e+03
      Potential    Kinetic En.   Total Energy  Conserved En.    Temperature
   -5.25594e+05    8.66035e+04   -4.38990e+05   -4.35105e+05    3.02976e+02
 Pres. DC (bar) Pressure (bar)   Constr. rmsd
   -2.25494e+02    1.49958e+02    2.62647e-06


DD  step 394999  vol min/aver 0.672  load imb.: force  3.8%  pme mesh/force 0.966
           Step           Time
         395000      790.00000

   Energies (kJ/mol)
           Bond          Angle    Proper Dih. Ryckaert-Bell.          LJ-14
    1.60595e+03    3.76752e+03    2.27360e+02    1.80306e+03    2.68931e+03
     Coulomb-14        LJ (SR)  Disper. corr.   Coulomb (SR)   Coul. recip.
    7.78234e+03    9.36630e+04   -4.57149e+03   -6.34281e+05    2.89194e+03
      Potential    Kinetic En.   Total Energy  Conserved En.    Temperature
   -5.24422e+05    8.59553e+04   -4.38467e+05   -4.35043e+05    3.00708e+02
 Pres. DC (bar) Pressure (bar)   Constr. rmsd
   -2.26680e+02   -1.85609e+01    2.67543e-06


DD  step 399999  vol min/aver 0.637  load imb.: force  7.8%  pme mesh/force 1.247
           Step           Time
         400000      800.00000

   Energies (kJ/mol)
           Bond          Angle    Proper Dih. Ryckaert-Bell.          LJ-14
    1.40171e+03    3.81398e+03    2.31052e+02    1.73378e+03    2.68984e+03
     Coulomb-14        LJ (SR)  Disper. corr.   Coulomb (SR)   Coul. recip.
    7.82185e+03    9.27039e+04   -4.55502e+03   -6.33779e+05    2.89468e+03
      Potential    Kinetic En.   Total Energy  Conserved En.    Temperature
   -5.25044e+05    8.55990e+04   -4.39445e+05   -4.35004e+05    2.99462e+02
 Pres. DC (bar) Pressure (bar)   Constr. rmsd
   -2.25051e+02   -1.44248e+02    2.83692e-06


step 403000 Turning off dynamic load balancing, because it is degrading performance.
Atom distribution over 36 domains: av 941 stddev 20 min 897 max 985

DD  step 404999 load imb.: force 12.7%  pme mesh/force 0.921

step 405000 Will no longer try dynamic load balancing, as it degraded performance.
           Step           Time
         405000      810.00000

   Energies (kJ/mol)
           Bond          Angle    Proper Dih. Ryckaert-Bell.          LJ-14
    1.45932e+03    3.64674e+03    2.45056e+02    1.72617e+03    2.71860e+03
     Coulomb-14        LJ (SR)  Disper. corr.   Coulomb (SR)   Coul. recip.
    7.88445e+03    9.31297e+04   -4.57316e+03   -6.34611e+05    2.93333e+03
      Potential    Kinetic En.   Total Energy  Conserved En.    Temperature
   -5.25440e+05    8.51998e+04   -4.40241e+05   -4.34924e+05    2.98065e+02
 Pres. DC (bar) Pressure (bar)   Constr. rmsd
   -2.26845e+02   -2.07894e+01    2.81369e-06


DD  step 409999 load imb.: force 12.8%  pme mesh/force 0.927
           Step           Time
         410000      820.00000

   Energies (kJ/mol)
           Bond          Angle    Proper Dih. Ryckaert-Bell.          LJ-14
    1.47295e+03    3.65472e+03    2.45874e+02    1.82219e+03    2.67776e+03
     Coulomb-14        LJ (SR)  Disper. corr.   Coulomb (SR)   Coul. recip.
    7.83235e+03    9.49677e+04   -4.58771e+03   -6.37580e+05    2.91894e+03
      Potential    Kinetic En.   Total Energy  Conserved En.    Temperature
   -5.26576e+05    8.62047e+04   -4.40371e+05   -4.34891e+05    3.01581e+02
 Pres. DC (bar) Pressure (bar)   Constr. rmsd
   -2.28289e+02    2.88572e+02    2.82904e-06


DD  step 414999 load imb.: force 17.7%  pme mesh/force 0.981
           Step           Time
         415000      830.00000

   Energies (kJ/mol)
           Bond          Angle    Proper Dih. Ryckaert-Bell.          LJ-14
    1.48300e+03    3.78571e+03    2.38400e+02    1.69679e+03    2.64003e+03
     Coulomb-14        LJ (SR)  Disper. corr.   Coulomb (SR)   Coul. recip.
    7.77777e+03    9.40467e+04   -4.56517e+03   -6.35890e+05    2.97307e+03
      Potential    Kinetic En.   Total Energy  Conserved En.    Temperature
   -5.25813e+05    8.49824e+04   -4.40831e+05   -4.34805e+05    2.97305e+02
 Pres. DC (bar) Pressure (bar)   Constr. rmsd
   -2.26054e+02    2.10604e+01    2.85598e-06


DD  step 419999 load imb.: force 18.9%  pme mesh/force 1.033
           Step           Time
         420000      840.00000

   Energies (kJ/mol)
           Bond          Angle    Proper Dih. Ryckaert-Bell.          LJ-14
    1.46385e+03    3.70630e+03    2.29527e+02    1.80224e+03    2.67145e+03
     Coulomb-14        LJ (SR)  Disper. corr.   Coulomb (SR)   Coul. recip.
    7.80897e+03    9.44347e+04   -4.55837e+03   -6.37112e+05    2.93671e+03
      Potential    Kinetic En.   Total Energy  Conserved En.    Temperature
   -5.26617e+05    8.59580e+04   -4.40659e+05   -4.34756e+05    3.00718e+02
 Pres. DC (bar) Pressure (bar)   Constr. rmsd
   -2.25382e+02   -2.16411e+01    2.75901e-06


DD  step 424999 load imb.: force 12.9%  pme mesh/force 0.939
           Step           Time
         425000      850.00000

   Energies (kJ/mol)
           Bond          Angle    Proper Dih. Ryckaert-Bell.          LJ-14
    1.39865e+03    3.72030e+03    2.15583e+02    1.75649e+03    2.66981e+03
     Coulomb-14        LJ (SR)  Disper. corr.   Coulomb (SR)   Coul. recip.
    7.85860e+03    9.41730e+04   -4.54733e+03   -6.35897e+05    2.91113e+03
      Potential    Kinetic En.   Total Energy  Conserved En.    Temperature
   -5.25741e+05    8.54985e+04   -4.40242e+05   -4.34704e+05    2.99110e+02
 Pres. DC (bar) Pressure (bar)   Constr. rmsd
   -2.24293e+02    5.91852e+01    2.91631e-06


DD  step 429999 load imb.: force 13.6%  pme mesh/force 0.918
           Step           Time
         430000      860.00000

   Energies (kJ/mol)
           Bond          Angle    Proper Dih. Ryckaert-Bell.          LJ-14
    1.45504e+03    3.65409e+03    2.50452e+02    1.69366e+03    2.67569e+03
     Coulomb-14        LJ (SR)  Disper. corr.   Coulomb (SR)   Coul. recip.
    7.85699e+03    9.34666e+04   -4.55868e+03   -6.35741e+05    2.94312e+03
      Potential    Kinetic En.   Total Energy  Conserved En.    Temperature
   -5.26304e+05    8.45330e+04   -4.41772e+05   -4.34631e+05    2.95732e+02
 Pres. DC (bar) Pressure (bar)   Constr. rmsd
   -2.25412e+02   -1.79888e+02    2.88481e-06


DD  step 434999 load imb.: force 13.3%  pme mesh/force 0.939
           Step           Time
         435000      870.00000

   Energies (kJ/mol)
           Bond          Angle    Proper Dih. Ryckaert-Bell.          LJ-14
    1.44949e+03    3.66758e+03    2.55589e+02    1.77219e+03    2.69269e+03
     Coulomb-14        LJ (SR)  Disper. corr.   Coulomb (SR)   Coul. recip.
    7.83717e+03    9.32668e+04   -4.54438e+03   -6.33298e+05    3.02711e+03
      Potential    Kinetic En.   Total Energy  Conserved En.    Temperature
   -5.23874e+05    8.58564e+04   -4.38017e+05   -4.34577e+05    3.00362e+02
 Pres. DC (bar) Pressure (bar)   Constr. rmsd
   -2.24003e+02   -4.36873e+00    2.90775e-06


DD  step 439999 load imb.: force 13.6%  pme mesh/force 1.212
           Step           Time
         440000      880.00000

   Energies (kJ/mol)
           Bond          Angle    Proper Dih. Ryckaert-Bell.          LJ-14
    1.49927e+03    3.94236e+03    2.39359e+02    1.74902e+03    2.68290e+03
     Coulomb-14        LJ (SR)  Disper. corr.   Coulomb (SR)   Coul. recip.
    7.83141e+03    9.38639e+04   -4.55438e+03   -6.34790e+05    2.97033e+03
      Potential    Kinetic En.   Total Energy  Conserved En.    Temperature
   -5.24565e+05    8.58081e+04   -4.38757e+05   -4.34520e+05    3.00193e+02
 Pres. DC (bar) Pressure (bar)   Constr. rmsd
   -2.24988e+02    7.77204e+01    2.93199e-06


DD  step 444999 load imb.: force 13.9%  pme mesh/force 0.926
           Step           Time
         445000      890.00000

   Energies (kJ/mol)
           Bond          Angle    Proper Dih. Ryckaert-Bell.          LJ-14
    1.48569e+03    3.82186e+03    2.64543e+02    1.86235e+03    2.63226e+03
     Coulomb-14        LJ (SR)  Disper. corr.   Coulomb (SR)   Coul. recip.
    7.84856e+03    9.33399e+04   -4.55405e+03   -6.35059e+05    3.00529e+03
      Potential    Kinetic En.   Total Energy  Conserved En.    Temperature
   -5.25353e+05    8.66028e+04   -4.38750e+05   -4.34467e+05    3.02973e+02
 Pres. DC (bar) Pressure (bar)   Constr. rmsd
   -2.24955e+02   -6.44808e+01    2.74309e-06


DD  step 449999 load imb.: force 13.5%  pme mesh/force 0.932
           Step           Time
         450000      900.00000

   Energies (kJ/mol)
           Bond          Angle    Proper Dih. Ryckaert-Bell.          LJ-14
    1.46837e+03    3.78194e+03    2.50592e+02    1.76321e+03    2.70792e+03
     Coulomb-14        LJ (SR)  Disper. corr.   Coulomb (SR)   Coul. recip.
    7.97755e+03    9.39019e+04   -4.56369e+03   -6.34952e+05    2.94382e+03
      Potential    Kinetic En.   Total Energy  Conserved En.    Temperature
   -5.24720e+05    8.53606e+04   -4.39359e+05   -4.34414e+05    2.98628e+02
 Pres. DC (bar) Pressure (bar)   Constr. rmsd
   -2.25908e+02    2.82037e+01    2.70099e-06


DD  step 454999 load imb.: force 11.7%  pme mesh/force 0.919
           Step           Time
         455000      910.00000

   Energies (kJ/mol)
           Bond          Angle    Proper Dih. Ryckaert-Bell.          LJ-14
    1.48906e+03    3.94233e+03    2.59174e+02    1.81186e+03    2.70619e+03
     Coulomb-14        LJ (SR)  Disper. corr.   Coulomb (SR)   Coul. recip.
    7.87741e+03    9.26892e+04   -4.54903e+03   -6.32843e+05    2.98657e+03
      Potential    Kinetic En.   Total Energy  Conserved En.    Temperature
   -5.23630e+05    8.57199e+04   -4.37910e+05   -4.34362e+05    2.99885e+02
 Pres. DC (bar) Pressure (bar)   Constr. rmsd
   -2.24460e+02   -1.89299e+02    2.93541e-06


DD  step 459999 load imb.: force 14.9%  pme mesh/force 0.925
           Step           Time
         460000      920.00000

   Energies (kJ/mol)
           Bond          Angle    Proper Dih. Ryckaert-Bell.          LJ-14
    1.50154e+03    3.67231e+03    2.41683e+02    1.71122e+03    2.77502e+03
     Coulomb-14        LJ (SR)  Disper. corr.   Coulomb (SR)   Coul. recip.
    7.80730e+03    9.39732e+04   -4.54211e+03   -6.35776e+05    2.91500e+03
      Potential    Kinetic En.   Total Energy  Conserved En.    Temperature
   -5.25720e+05    8.57881e+04   -4.39932e+05   -4.34331e+05    3.00123e+02
 Pres. DC (bar) Pressure (bar)   Constr. rmsd
   -2.23779e+02    4.27159e+01    2.69167e-06


DD  step 464999 load imb.: force 13.4%  pme mesh/force 0.932
           Step           Time
         465000      930.00000

   Energies (kJ/mol)
           Bond          Angle    Proper Dih. Ryckaert-Bell.          LJ-14
    1.57981e+03    3.74775e+03    2.33988e+02    1.86951e+03    2.61995e+03
     Coulomb-14        LJ (SR)  Disper. corr.   Coulomb (SR)   Coul. recip.
    7.72086e+03    9.38687e+04   -4.54372e+03   -6.34259e+05    3.00661e+03
      Potential    Kinetic En.   Total Energy  Conserved En.    Temperature
   -5.24156e+05    8.64167e+04   -4.37739e+05   -4.34261e+05    3.02322e+02
 Pres. DC (bar) Pressure (bar)   Constr. rmsd
   -2.23937e+02    4.74924e+01    2.68405e-06


DD  step 469999 load imb.: force 14.1%  pme mesh/force 0.933
           Step           Time
         470000      940.00000

   Energies (kJ/mol)
           Bond          Angle    Proper Dih. Ryckaert-Bell.          LJ-14
    1.52630e+03    3.93456e+03    2.60587e+02    1.78695e+03    2.65052e+03
     Coulomb-14        LJ (SR)  Disper. corr.   Coulomb (SR)   Coul. recip.
    7.78876e+03    9.37489e+04   -4.56946e+03   -6.34617e+05    2.89351e+03
      Potential    Kinetic En.   Total Energy  Conserved En.    Temperature
   -5.24596e+05    8.61255e+04   -4.38471e+05   -4.34197e+05    3.01303e+02
 Pres. DC (bar) Pressure (bar)   Constr. rmsd
   -2.26479e+02    8.85732e+01    2.84004e-06


DD  step 474999 load imb.: force 14.5%  pme mesh/force 0.934
           Step           Time
         475000      950.00000

   Energies (kJ/mol)
           Bond          Angle    Proper Dih. Ryckaert-Bell.          LJ-14
    1.49357e+03    3.57700e+03    2.66807e+02    1.80220e+03    2.73567e+03
     Coulomb-14        LJ (SR)  Disper. corr.   Coulomb (SR)   Coul. recip.
    7.89912e+03    9.41174e+04   -4.55204e+03   -6.36562e+05    3.00774e+03
      Potential    Kinetic En.   Total Energy  Conserved En.    Temperature
   -5.26214e+05    8.55677e+04   -4.40647e+05   -4.34147e+05    2.99352e+02
 Pres. DC (bar) Pressure (bar)   Constr. rmsd
   -2.24757e+02   -1.68721e+01    2.76026e-06


DD  step 479999 load imb.: force 12.7%  pme mesh/force 0.934
           Step           Time
         480000      960.00000

   Energies (kJ/mol)
           Bond          Angle    Proper Dih. Ryckaert-Bell.          LJ-14
    1.38818e+03    3.49520e+03    2.14899e+02    1.81594e+03    2.73408e+03
     Coulomb-14        LJ (SR)  Disper. corr.   Coulomb (SR)   Coul. recip.
    7.91921e+03    9.30084e+04   -4.56432e+03   -6.33828e+05    2.91156e+03
      Potential    Kinetic En.   Total Energy  Conserved En.    Temperature
   -5.24905e+05    8.50262e+04   -4.39879e+05   -4.34100e+05    2.97458e+02
 Pres. DC (bar) Pressure (bar)   Constr. rmsd
   -2.25970e+02   -3.42128e+01    3.09721e-06


DD  step 484999 load imb.: force 11.4%  pme mesh/force 1.197
           Step           Time
         485000      970.00000

   Energies (kJ/mol)
           Bond          Angle    Proper Dih. Ryckaert-Bell.          LJ-14
    1.55155e+03    3.97015e+03    2.91999e+02    1.80105e+03    2.61482e+03
     Coulomb-14        LJ (SR)  Disper. corr.   Coulomb (SR)   Coul. recip.
    7.79917e+03    9.36686e+04   -4.55278e+03   -6.34263e+05    3.07439e+03
      Potential    Kinetic En.   Total Energy  Conserved En.    Temperature
   -5.24044e+05    8.63317e+04   -4.37713e+05   -4.34028e+05    3.02025e+02
 Pres. DC (bar) Pressure (bar)   Constr. rmsd
   -2.24830e+02   -6.42390e+01    2.93207e-06


DD  step 489999 load imb.: force 13.6%  pme mesh/force 0.928
           Step           Time
         490000      980.00000

   Energies (kJ/mol)
           Bond          Angle    Proper Dih. Ryckaert-Bell.          LJ-14
    1.31095e+03    3.77019e+03    2.35243e+02    1.83345e+03    2.69257e+03
     Coulomb-14        LJ (SR)  Disper. corr.   Coulomb (SR)   Coul. recip.
    7.82354e+03    9.34649e+04   -4.55113e+03   -6.34385e+05    2.89780e+03
      Potential    Kinetic En.   Total Energy  Conserved En.    Temperature
   -5.24908e+05    8.46508e+04   -4.40257e+05   -4.33976e+05    2.96144e+02
 Pres. DC (bar) Pressure (bar)   Constr. rmsd
   -2.24667e+02    1.80161e+01    2.81219e-06


DD  step 494999 load imb.: force 13.8%  pme mesh/force 0.935
           Step           Time
         495000      990.00000

   Energies (kJ/mol)
           Bond          Angle    Proper Dih. Ryckaert-Bell.          LJ-14
    1.40073e+03    3.91442e+03    2.72462e+02    1.86764e+03    2.71480e+03
     Coulomb-14        LJ (SR)  Disper. corr.   Coulomb (SR)   Coul. recip.
    7.93271e+03    9.41656e+04   -4.56282e+03   -6.36041e+05    2.91496e+03
      Potential    Kinetic En.   Total Energy  Conserved En.    Temperature
   -5.25420e+05    8.63248e+04   -4.39095e+05   -4.33945e+05    3.02001e+02
 Pres. DC (bar) Pressure (bar)   Constr. rmsd
   -2.25822e+02    1.97462e+02    3.20967e-06


DD  step 499999 load imb.: force 15.3%  pme mesh/force 0.913
           Step           Time
         500000     1000.00000

Writing checkpoint, step 500000 at Tue Oct 11 21:16:28 2022


   Energies (kJ/mol)
           Bond          Angle    Proper Dih. Ryckaert-Bell.          LJ-14
    1.42961e+03    3.76128e+03    2.70546e+02    1.76498e+03    2.69462e+03
     Coulomb-14        LJ (SR)  Disper. corr.   Coulomb (SR)   Coul. recip.
    7.87816e+03    9.43935e+04   -4.55328e+03   -6.36498e+05    2.90472e+03
      Potential    Kinetic En.   Total Energy  Conserved En.    Temperature
   -5.25953e+05    8.62736e+04   -4.39680e+05   -4.33885e+05    3.01822e+02
 Pres. DC (bar) Pressure (bar)   Constr. rmsd
   -2.24879e+02    1.36866e+02    2.88154e-06


	<======  ###############  ==>
	<====  A V E R A G E S  ====>
	<==  ###############  ======>

	Statistics over 500001 steps using 5001 frames

   Energies (kJ/mol)
           Bond          Angle    Proper Dih. Ryckaert-Bell.          LJ-14
    1.47110e+03    3.76771e+03    2.48238e+02    1.78461e+03    2.66047e+03
     Coulomb-14        LJ (SR)  Disper. corr.   Coulomb (SR)   Coul. recip.
    7.79155e+03    9.36272e+04   -4.55848e+03   -6.34703e+05    2.93515e+03
      Potential    Kinetic En.   Total Energy  Conserved En.    Temperature
   -5.24976e+05    8.57657e+04   -4.39210e+05   -4.36693e+05    3.00045e+02
 Pres. DC (bar) Pressure (bar)   Constr. rmsd
   -2.25395e+02    1.21983e+00    0.00000e+00

          Box-X          Box-Y          Box-Z
    6.95369e+00    6.95369e+00    6.95369e+00

   Total Virial (kJ/mol)
    2.86663e+04    1.26045e+01    3.08010e+01
    1.25837e+01    2.85469e+04   -2.47613e+01
    3.05783e+01   -2.47728e+01    2.85199e+04

   Pressure (bar)
   -6.12959e+00   -1.47639e+00   -2.66963e+00
   -1.47435e+00    4.48766e+00    2.04407e+00
   -2.64764e+00    2.04522e+00    5.30139e+00

      T-Protein  T-non-Protein
    3.00229e+02    3.00031e+02


	M E G A - F L O P S   A C C O U N T I N G

 NB=Group-cutoff nonbonded kernels    NxN=N-by-N cluster Verlet kernels
 RF=Reaction-Field  VdW=Van der Waals  QSTab=quadratic-spline table
 W3=SPC/TIP3p  W4=TIP4p (single or pairs)
 V&F=Potential and force  V=Potential only  F=Force only

 Computing:                               M-Number         M-Flops  % Flops
-----------------------------------------------------------------------------
 Pair Search distance check          154364.015560     1389276.140     0.2
 NxN Ewald Elec. + LJ [F]           5534358.312416   365267648.619    52.0
 NxN Ewald Elec. + LJ [V&F]           55914.610144     5982863.285     0.9
 NxN Ewald Elec. [F]                4930110.866304   300736762.845    42.8
 NxN Ewald Elec. [V&F]                49810.385760     4184072.404     0.6
 1,4 nonbonded interactions            2553.005106      229770.460     0.0
 Calc Weights                         50814.101628     1829307.659     0.3
 Spread Q Bspline                   1084034.168064     2168068.336     0.3
 Gather F Bspline                   1084034.168064     6504205.008     0.9
 3D-FFT                             1395170.790336    11161366.323     1.6
 Solve PME                             2904.005808      185856.372     0.0
 Reset In Box                           338.658372        1015.975     0.0
 CG-CoM                                 338.793876        1016.382     0.0
 Bonds                                  512.501025       30237.560     0.0
 Angles                                1773.503547      297948.596     0.0
 Propers                                213.000426       48777.098     0.0
 RB-Dihedrals                          1975.003950      487825.976     0.1
 Virial                                1774.835496       31947.039     0.0
 Stop-CM                                169.413876        1694.139     0.0
 Calc-Ekin                             3387.667752       91467.029     0.0
 Lincs                                  479.500959       28770.058     0.0
 Lincs-Mat                             2388.004776        9552.019     0.0
 Constraint-V                         16913.033826      135304.271     0.0
 Constraint-Vir                        1643.382867       39441.189     0.0
 Settle                                5318.010636     1717717.435     0.2
-----------------------------------------------------------------------------
 Total                                               702561912.215   100.0
-----------------------------------------------------------------------------


    D O M A I N   D E C O M P O S I T I O N   S T A T I S T I C S

 av. #atoms communicated per step for force:  2 x 91556.6


Dynamic load balancing report:
 DLB got disabled because it was unsuitable to use.
 Average load imbalance: 4.1%.
 The balanceable part of the MD step is 81%, load imbalance is computed from this.
 Part of the total run time spent waiting due to load imbalance: 3.3%.
 Average PME mesh/force load: 0.985
 Part of the total run time spent waiting due to PP/PME imbalance: 0.3 %


     R E A L   C Y C L E   A N D   T I M E   A C C O U N T I N G

On 36 MPI ranks doing PP, and
on 12 MPI ranks doing PME

 Computing:          Num   Num      Call    Wall time         Giga-Cycles
                     Ranks Threads  Count      (s)         total sum    %
-----------------------------------------------------------------------------
 Domain decomp.        36    1      10000       8.183        852.286   1.6
 DD comm. load         36    1       7627       0.028          2.946   0.0
 DD comm. bounds       36    1       7600       0.232         24.185   0.0
 Send X to PME         36    1     500001       9.382        977.185   1.8
 Neighbor search       36    1      10001      20.685       2154.451   4.1
 Comm. coord.          36    1     490000      20.471       2132.098   4.0
 Force                 36    1     500001     252.836      26334.055  49.8
 Wait + Comm. F        36    1     500001      32.178       3351.448   6.3
 PME mesh *            12    1     500001     292.061      10139.845  19.2
 PME wait for PP *                             88.527       3073.505   5.8
 Wait + Recv. PME F    36    1     500001       7.034        732.656   1.4
 NB X/F buffer ops.    36    1    1480001       8.935        930.612   1.8
 Write traj.           36    1        101       0.017          1.766   0.0
 Update                36    1     500001       1.887        196.581   0.4
 Constraints           36    1     500001       5.839        608.183   1.1
 Comm. energies        36    1      50001      10.922       1137.546   2.2
 Rest                                           2.228        232.056   0.4
-----------------------------------------------------------------------------
 Total                                        380.857      52890.740 100.0
-----------------------------------------------------------------------------
(*) Note that with separate PME ranks, the walltime column actually sums to
    twice the total reported, but the cycle count total and % are correct.
-----------------------------------------------------------------------------
 Breakdown of PME mesh computation
-----------------------------------------------------------------------------
 PME redist. X/F       12    1    1000002      61.147       2122.928   4.0
 PME spread            12    1     500001      77.123       2677.585   5.1
 PME gather            12    1     500001      64.013       2222.429   4.2
 PME 3D-FFT            12    1    1000002      57.807       2006.965   3.8
 PME 3D-FFT Comm.      12    1    2000004      27.320        948.510   1.8
 PME solve Elec        12    1     500001       4.186        145.317   0.3
-----------------------------------------------------------------------------

               Core t (s)   Wall t (s)        (%)
       Time:    18281.135      380.857     4800.0
                 (ns/day)    (hour/ns)
Performance:      226.857        0.106
Finished mdrun on rank 0 Tue Oct 11 21:16:28 2022

